[2023-07-28T09:03:42.667+0000] {taskinstance.py:1165} INFO - Dependencies all met for <TaskInstance: user_processing.process_user scheduled__2023-07-27T00:00:00+00:00 [queued]>
[2023-07-28T09:03:42.675+0000] {taskinstance.py:1165} INFO - Dependencies all met for <TaskInstance: user_processing.process_user scheduled__2023-07-27T00:00:00+00:00 [queued]>
[2023-07-28T09:03:42.675+0000] {taskinstance.py:1362} INFO - 
--------------------------------------------------------------------------------
[2023-07-28T09:03:42.676+0000] {taskinstance.py:1363} INFO - Starting attempt 1 of 1
[2023-07-28T09:03:42.676+0000] {taskinstance.py:1364} INFO - 
--------------------------------------------------------------------------------
[2023-07-28T09:03:42.687+0000] {taskinstance.py:1383} INFO - Executing <Task(PythonOperator): process_user> on 2023-07-27 00:00:00+00:00
[2023-07-28T09:03:42.692+0000] {standard_task_runner.py:55} INFO - Started process 9225 to run task
[2023-07-28T09:03:42.694+0000] {standard_task_runner.py:82} INFO - Running: ['***', 'tasks', 'run', 'user_processing', 'process_user', 'scheduled__2023-07-27T00:00:00+00:00', '--job-id', '11', '--raw', '--subdir', 'DAGS_FOLDER/user_processing.py', '--cfg-path', '/tmp/tmpoorfpacn']
[2023-07-28T09:03:42.696+0000] {standard_task_runner.py:83} INFO - Job 11: Subtask process_user
[2023-07-28T09:03:42.746+0000] {task_command.py:376} INFO - Running <TaskInstance: user_processing.process_user scheduled__2023-07-27T00:00:00+00:00 [running]> on host b81352b01223
[2023-07-28T09:03:42.798+0000] {taskinstance.py:1592} INFO - Exporting the following env vars:
AIRFLOW_CTX_DAG_OWNER=***
AIRFLOW_CTX_DAG_ID=user_processing
AIRFLOW_CTX_TASK_ID=process_user
AIRFLOW_CTX_EXECUTION_DATE=2023-07-27T00:00:00+00:00
AIRFLOW_CTX_TRY_NUMBER=1
AIRFLOW_CTX_DAG_RUN_ID=scheduled__2023-07-27T00:00:00+00:00
[2023-07-28T09:03:42.806+0000] {logging_mixin.py:120} INFO - hello
[2023-07-28T09:03:42.807+0000] {logging_mixin.py:120} INFO - <TaskInstance: user_processing.process_user scheduled__2023-07-27T00:00:00+00:00 [running]>
[2023-07-28T09:03:42.807+0000] {logging_mixin.py:120} INFO - {'results': [{'gender': 'male', 'name': {'title': 'Mr', 'first': 'Tommie', 'last': 'Holtman'}, 'location': {'street': {'number': 1318, 'name': 'Hogenhorstdreef'}, 'city': 'Noordbeemster', 'state': 'Flevoland', 'country': 'Netherlands', 'postcode': '2044 BO', 'coordinates': {'latitude': '31.6210', 'longitude': '-84.9932'}, 'timezone': {'offset': '-7:00', 'description': 'Mountain Time (US & Canada)'}}, 'email': 'tommie.holtman@example.com', 'login': {'uuid': 'e422c916-2bc6-40e2-936b-dc3db54cc7eb', 'username': 'happypeacock832', 'password': 'chill', 'salt': 'kSXzd4lf', 'md5': '342f3a5114a6864d001e9f7a8b912245', 'sha1': 'ec66e2e26ad91a979ef393e63c7f07d52bf46514', 'sha256': 'c3ccaaacefe34cb8a3d71d19e08668c408c22dde061bc933f5d5cd7e7d7933a3'}, 'dob': {'date': '1990-06-25T03:24:29.667Z', 'age': 33}, 'registered': {'date': '2006-02-24T23:00:36.268Z', 'age': 17}, 'phone': '(073) 2774871', 'cell': '(06) 16588465', 'id': {'name': 'BSN', 'value': '36210491'}, 'picture': {'large': 'https://randomuser.me/api/portraits/men/86.jpg', 'medium': 'https://randomuser.me/api/portraits/med/men/86.jpg', 'thumbnail': 'https://randomuser.me/api/portraits/thumb/men/86.jpg'}, 'nat': 'NL'}], 'info': {'seed': '627464c96f6dc2c4', 'results': 1, 'page': 1, 'version': '1.4'}}
[2023-07-28T09:03:42.813+0000] {python.py:177} INFO - Done. Returned value was: None
[2023-07-28T09:03:42.820+0000] {taskinstance.py:1406} INFO - Marking task as SUCCESS. dag_id=user_processing, task_id=process_user, execution_date=20230727T000000, start_date=20230728T090342, end_date=20230728T090342
[2023-07-28T09:03:42.866+0000] {local_task_job.py:164} INFO - Task exited with return code 0
[2023-07-28T09:03:42.884+0000] {local_task_job.py:273} INFO - 1 downstream tasks scheduled from follow-on schedule check
