[2023-07-28T13:54:34.922+0000] {processor.py:154} INFO - Started process (PID=5840) to work on /opt/airflow/dags/groups/group_downloads.py
[2023-07-28T13:54:34.923+0000] {processor.py:756} INFO - Processing file /opt/airflow/dags/groups/group_downloads.py for tasks to queue
[2023-07-28T13:54:34.924+0000] {logging_mixin.py:120} INFO - [2023-07-28T13:54:34.924+0000] {dagbag.py:537} INFO - Filling up the DagBag from /opt/airflow/dags/groups/group_downloads.py
[2023-07-28T13:54:34.941+0000] {processor.py:768} WARNING - No viable dags retrieved from /opt/airflow/dags/groups/group_downloads.py
[2023-07-28T13:54:34.950+0000] {processor.py:176} INFO - Processing /opt/airflow/dags/groups/group_downloads.py took 0.029 seconds
[2023-07-28T13:55:05.498+0000] {processor.py:154} INFO - Started process (PID=5908) to work on /opt/airflow/dags/groups/group_downloads.py
[2023-07-28T13:55:05.499+0000] {processor.py:756} INFO - Processing file /opt/airflow/dags/groups/group_downloads.py for tasks to queue
[2023-07-28T13:55:05.500+0000] {logging_mixin.py:120} INFO - [2023-07-28T13:55:05.500+0000] {dagbag.py:537} INFO - Filling up the DagBag from /opt/airflow/dags/groups/group_downloads.py
[2023-07-28T13:55:05.511+0000] {processor.py:768} WARNING - No viable dags retrieved from /opt/airflow/dags/groups/group_downloads.py
[2023-07-28T13:55:05.520+0000] {processor.py:176} INFO - Processing /opt/airflow/dags/groups/group_downloads.py took 0.024 seconds
[2023-07-28T13:55:25.672+0000] {processor.py:154} INFO - Started process (PID=5928) to work on /opt/airflow/dags/groups/group_downloads.py
[2023-07-28T13:55:25.673+0000] {processor.py:756} INFO - Processing file /opt/airflow/dags/groups/group_downloads.py for tasks to queue
[2023-07-28T13:55:25.673+0000] {logging_mixin.py:120} INFO - [2023-07-28T13:55:25.673+0000] {dagbag.py:537} INFO - Filling up the DagBag from /opt/airflow/dags/groups/group_downloads.py
[2023-07-28T13:55:25.684+0000] {logging_mixin.py:120} INFO - [2023-07-28T13:55:25.684+0000] {dagbag.py:319} INFO - File /opt/airflow/dags/groups/group_downloads.py assumed to contain no DAGs. Skipping.
[2023-07-28T13:55:25.685+0000] {processor.py:768} WARNING - No viable dags retrieved from /opt/airflow/dags/groups/group_downloads.py
[2023-07-28T13:55:25.695+0000] {processor.py:176} INFO - Processing /opt/airflow/dags/groups/group_downloads.py took 0.025 seconds
[2023-07-28T13:55:56.255+0000] {processor.py:154} INFO - Started process (PID=5996) to work on /opt/airflow/dags/groups/group_downloads.py
[2023-07-28T13:55:56.256+0000] {processor.py:756} INFO - Processing file /opt/airflow/dags/groups/group_downloads.py for tasks to queue
[2023-07-28T13:55:56.257+0000] {logging_mixin.py:120} INFO - [2023-07-28T13:55:56.257+0000] {dagbag.py:537} INFO - Filling up the DagBag from /opt/airflow/dags/groups/group_downloads.py
[2023-07-28T13:55:56.262+0000] {logging_mixin.py:120} INFO - [2023-07-28T13:55:56.262+0000] {dagbag.py:319} INFO - File /opt/airflow/dags/groups/group_downloads.py assumed to contain no DAGs. Skipping.
[2023-07-28T13:55:56.263+0000] {processor.py:768} WARNING - No viable dags retrieved from /opt/airflow/dags/groups/group_downloads.py
[2023-07-28T13:55:56.273+0000] {processor.py:176} INFO - Processing /opt/airflow/dags/groups/group_downloads.py took 0.020 seconds
[2023-07-28T13:56:27.046+0000] {processor.py:154} INFO - Started process (PID=6054) to work on /opt/airflow/dags/groups/group_downloads.py
[2023-07-28T13:56:27.047+0000] {processor.py:756} INFO - Processing file /opt/airflow/dags/groups/group_downloads.py for tasks to queue
[2023-07-28T13:56:27.047+0000] {logging_mixin.py:120} INFO - [2023-07-28T13:56:27.047+0000] {dagbag.py:537} INFO - Filling up the DagBag from /opt/airflow/dags/groups/group_downloads.py
[2023-07-28T13:56:27.053+0000] {logging_mixin.py:120} INFO - [2023-07-28T13:56:27.053+0000] {dagbag.py:319} INFO - File /opt/airflow/dags/groups/group_downloads.py assumed to contain no DAGs. Skipping.
[2023-07-28T13:56:27.053+0000] {processor.py:768} WARNING - No viable dags retrieved from /opt/airflow/dags/groups/group_downloads.py
[2023-07-28T13:56:27.063+0000] {processor.py:176} INFO - Processing /opt/airflow/dags/groups/group_downloads.py took 0.019 seconds
[2023-07-28T13:56:57.658+0000] {processor.py:154} INFO - Started process (PID=6123) to work on /opt/airflow/dags/groups/group_downloads.py
[2023-07-28T13:56:57.659+0000] {processor.py:756} INFO - Processing file /opt/airflow/dags/groups/group_downloads.py for tasks to queue
[2023-07-28T13:56:57.660+0000] {logging_mixin.py:120} INFO - [2023-07-28T13:56:57.660+0000] {dagbag.py:537} INFO - Filling up the DagBag from /opt/airflow/dags/groups/group_downloads.py
[2023-07-28T13:56:57.665+0000] {logging_mixin.py:120} INFO - [2023-07-28T13:56:57.665+0000] {dagbag.py:319} INFO - File /opt/airflow/dags/groups/group_downloads.py assumed to contain no DAGs. Skipping.
[2023-07-28T13:56:57.665+0000] {processor.py:768} WARNING - No viable dags retrieved from /opt/airflow/dags/groups/group_downloads.py
[2023-07-28T13:56:57.675+0000] {processor.py:176} INFO - Processing /opt/airflow/dags/groups/group_downloads.py took 0.019 seconds
[2023-07-28T13:57:28.521+0000] {processor.py:154} INFO - Started process (PID=6190) to work on /opt/airflow/dags/groups/group_downloads.py
[2023-07-28T13:57:28.522+0000] {processor.py:756} INFO - Processing file /opt/airflow/dags/groups/group_downloads.py for tasks to queue
[2023-07-28T13:57:28.522+0000] {logging_mixin.py:120} INFO - [2023-07-28T13:57:28.522+0000] {dagbag.py:537} INFO - Filling up the DagBag from /opt/airflow/dags/groups/group_downloads.py
[2023-07-28T13:57:28.528+0000] {logging_mixin.py:120} INFO - [2023-07-28T13:57:28.528+0000] {dagbag.py:319} INFO - File /opt/airflow/dags/groups/group_downloads.py assumed to contain no DAGs. Skipping.
[2023-07-28T13:57:28.528+0000] {processor.py:768} WARNING - No viable dags retrieved from /opt/airflow/dags/groups/group_downloads.py
[2023-07-28T13:57:28.538+0000] {processor.py:176} INFO - Processing /opt/airflow/dags/groups/group_downloads.py took 0.020 seconds
[2023-07-28T13:57:59.041+0000] {processor.py:154} INFO - Started process (PID=6257) to work on /opt/airflow/dags/groups/group_downloads.py
[2023-07-28T13:57:59.042+0000] {processor.py:756} INFO - Processing file /opt/airflow/dags/groups/group_downloads.py for tasks to queue
[2023-07-28T13:57:59.043+0000] {logging_mixin.py:120} INFO - [2023-07-28T13:57:59.043+0000] {dagbag.py:537} INFO - Filling up the DagBag from /opt/airflow/dags/groups/group_downloads.py
[2023-07-28T13:57:59.048+0000] {logging_mixin.py:120} INFO - [2023-07-28T13:57:59.048+0000] {dagbag.py:319} INFO - File /opt/airflow/dags/groups/group_downloads.py assumed to contain no DAGs. Skipping.
[2023-07-28T13:57:59.049+0000] {processor.py:768} WARNING - No viable dags retrieved from /opt/airflow/dags/groups/group_downloads.py
[2023-07-28T13:57:59.059+0000] {processor.py:176} INFO - Processing /opt/airflow/dags/groups/group_downloads.py took 0.020 seconds
[2023-07-28T13:58:29.761+0000] {processor.py:154} INFO - Started process (PID=6315) to work on /opt/airflow/dags/groups/group_downloads.py
[2023-07-28T13:58:29.761+0000] {processor.py:756} INFO - Processing file /opt/airflow/dags/groups/group_downloads.py for tasks to queue
[2023-07-28T13:58:29.762+0000] {logging_mixin.py:120} INFO - [2023-07-28T13:58:29.762+0000] {dagbag.py:537} INFO - Filling up the DagBag from /opt/airflow/dags/groups/group_downloads.py
[2023-07-28T13:58:29.767+0000] {logging_mixin.py:120} INFO - [2023-07-28T13:58:29.767+0000] {dagbag.py:319} INFO - File /opt/airflow/dags/groups/group_downloads.py assumed to contain no DAGs. Skipping.
[2023-07-28T13:58:29.768+0000] {processor.py:768} WARNING - No viable dags retrieved from /opt/airflow/dags/groups/group_downloads.py
[2023-07-28T13:58:29.778+0000] {processor.py:176} INFO - Processing /opt/airflow/dags/groups/group_downloads.py took 0.019 seconds
[2023-07-28T13:59:00.543+0000] {processor.py:154} INFO - Started process (PID=6382) to work on /opt/airflow/dags/groups/group_downloads.py
[2023-07-28T13:59:00.543+0000] {processor.py:756} INFO - Processing file /opt/airflow/dags/groups/group_downloads.py for tasks to queue
[2023-07-28T13:59:00.544+0000] {logging_mixin.py:120} INFO - [2023-07-28T13:59:00.544+0000] {dagbag.py:537} INFO - Filling up the DagBag from /opt/airflow/dags/groups/group_downloads.py
[2023-07-28T13:59:00.549+0000] {logging_mixin.py:120} INFO - [2023-07-28T13:59:00.549+0000] {dagbag.py:319} INFO - File /opt/airflow/dags/groups/group_downloads.py assumed to contain no DAGs. Skipping.
[2023-07-28T13:59:00.549+0000] {processor.py:768} WARNING - No viable dags retrieved from /opt/airflow/dags/groups/group_downloads.py
[2023-07-28T13:59:00.560+0000] {processor.py:176} INFO - Processing /opt/airflow/dags/groups/group_downloads.py took 0.020 seconds
[2023-07-28T13:59:31.162+0000] {processor.py:154} INFO - Started process (PID=6449) to work on /opt/airflow/dags/groups/group_downloads.py
[2023-07-28T13:59:31.163+0000] {processor.py:756} INFO - Processing file /opt/airflow/dags/groups/group_downloads.py for tasks to queue
[2023-07-28T13:59:31.163+0000] {logging_mixin.py:120} INFO - [2023-07-28T13:59:31.163+0000] {dagbag.py:537} INFO - Filling up the DagBag from /opt/airflow/dags/groups/group_downloads.py
[2023-07-28T13:59:31.169+0000] {logging_mixin.py:120} INFO - [2023-07-28T13:59:31.169+0000] {dagbag.py:319} INFO - File /opt/airflow/dags/groups/group_downloads.py assumed to contain no DAGs. Skipping.
[2023-07-28T13:59:31.170+0000] {processor.py:768} WARNING - No viable dags retrieved from /opt/airflow/dags/groups/group_downloads.py
[2023-07-28T13:59:31.181+0000] {processor.py:176} INFO - Processing /opt/airflow/dags/groups/group_downloads.py took 0.021 seconds
