[2023-07-28T14:40:22.177+0000] {taskinstance.py:1165} INFO - Dependencies all met for <TaskInstance: xcom_dag.t2 manual__2023-07-28T14:40:19.061837+00:00 [queued]>
[2023-07-28T14:40:22.186+0000] {taskinstance.py:1165} INFO - Dependencies all met for <TaskInstance: xcom_dag.t2 manual__2023-07-28T14:40:19.061837+00:00 [queued]>
[2023-07-28T14:40:22.187+0000] {taskinstance.py:1362} INFO - 
--------------------------------------------------------------------------------
[2023-07-28T14:40:22.187+0000] {taskinstance.py:1363} INFO - Starting attempt 1 of 1
[2023-07-28T14:40:22.188+0000] {taskinstance.py:1364} INFO - 
--------------------------------------------------------------------------------
[2023-07-28T14:40:22.201+0000] {taskinstance.py:1383} INFO - Executing <Task(PythonOperator): t2> on 2023-07-28 14:40:19.061837+00:00
[2023-07-28T14:40:22.205+0000] {standard_task_runner.py:55} INFO - Started process 3975 to run task
[2023-07-28T14:40:22.208+0000] {standard_task_runner.py:82} INFO - Running: ['***', 'tasks', 'run', 'xcom_dag', 't2', 'manual__2023-07-28T14:40:19.061837+00:00', '--job-id', '34', '--raw', '--subdir', 'DAGS_FOLDER/xcom_dag.py', '--cfg-path', '/tmp/tmpg3axftxc']
[2023-07-28T14:40:22.208+0000] {standard_task_runner.py:83} INFO - Job 34: Subtask t2
[2023-07-28T14:40:22.260+0000] {task_command.py:376} INFO - Running <TaskInstance: xcom_dag.t2 manual__2023-07-28T14:40:19.061837+00:00 [running]> on host b81352b01223
[2023-07-28T14:40:22.316+0000] {taskinstance.py:1592} INFO - Exporting the following env vars:
AIRFLOW_CTX_DAG_OWNER=***
AIRFLOW_CTX_DAG_ID=xcom_dag
AIRFLOW_CTX_TASK_ID=t2
AIRFLOW_CTX_EXECUTION_DATE=2023-07-28T14:40:19.061837+00:00
AIRFLOW_CTX_TRY_NUMBER=1
AIRFLOW_CTX_DAG_RUN_ID=manual__2023-07-28T14:40:19.061837+00:00
[2023-07-28T14:40:22.323+0000] {logging_mixin.py:120} INFO - 42
[2023-07-28T14:40:22.323+0000] {python.py:177} INFO - Done. Returned value was: None
[2023-07-28T14:40:22.331+0000] {taskinstance.py:1406} INFO - Marking task as SUCCESS. dag_id=xcom_dag, task_id=t2, execution_date=20230728T144019, start_date=20230728T144022, end_date=20230728T144022
[2023-07-28T14:40:22.379+0000] {local_task_job.py:164} INFO - Task exited with return code 0
[2023-07-28T14:40:22.394+0000] {local_task_job.py:273} INFO - 0 downstream tasks scheduled from follow-on schedule check
