[2023-07-28T13:41:32.186+0000] {taskinstance.py:1165} INFO - Dependencies all met for <TaskInstance: group_dag.downloads.download_a scheduled__2023-07-27T00:00:00+00:00 [queued]>
[2023-07-28T13:41:32.194+0000] {taskinstance.py:1165} INFO - Dependencies all met for <TaskInstance: group_dag.downloads.download_a scheduled__2023-07-27T00:00:00+00:00 [queued]>
[2023-07-28T13:41:32.194+0000] {taskinstance.py:1362} INFO - 
--------------------------------------------------------------------------------
[2023-07-28T13:41:32.194+0000] {taskinstance.py:1363} INFO - Starting attempt 1 of 1
[2023-07-28T13:41:32.195+0000] {taskinstance.py:1364} INFO - 
--------------------------------------------------------------------------------
[2023-07-28T13:41:32.210+0000] {taskinstance.py:1383} INFO - Executing <Task(BashOperator): download_a> on 2023-07-27 00:00:00+00:00
[2023-07-28T13:41:32.214+0000] {standard_task_runner.py:55} INFO - Started process 1071 to run task
[2023-07-28T13:41:32.217+0000] {standard_task_runner.py:82} INFO - Running: ['***', 'tasks', 'run', 'group_dag.downloads', 'download_a', 'scheduled__2023-07-27T00:00:00+00:00', '--job-id', '17', '--raw', '--subdir', 'DAGS_FOLDER/group_dag.py', '--cfg-path', '/tmp/tmpgnb5zd6u']
[2023-07-28T13:41:32.217+0000] {standard_task_runner.py:83} INFO - Job 17: Subtask download_a
[2023-07-28T13:41:32.265+0000] {task_command.py:376} INFO - Running <TaskInstance: group_dag.downloads.download_a scheduled__2023-07-27T00:00:00+00:00 [running]> on host b81352b01223
[2023-07-28T13:41:32.319+0000] {taskinstance.py:1592} INFO - Exporting the following env vars:
AIRFLOW_CTX_DAG_OWNER=***
AIRFLOW_CTX_DAG_ID=group_dag.downloads
AIRFLOW_CTX_TASK_ID=download_a
AIRFLOW_CTX_EXECUTION_DATE=2023-07-27T00:00:00+00:00
AIRFLOW_CTX_TRY_NUMBER=1
AIRFLOW_CTX_DAG_RUN_ID=scheduled__2023-07-27T00:00:00+00:00
[2023-07-28T13:41:32.319+0000] {subprocess.py:63} INFO - Tmp dir root location: 
 /tmp
[2023-07-28T13:41:32.320+0000] {subprocess.py:75} INFO - Running command: ['/bin/bash', '-c', 'sleep 10']
[2023-07-28T13:41:32.328+0000] {subprocess.py:86} INFO - Output:
[2023-07-28T13:41:42.330+0000] {subprocess.py:97} INFO - Command exited with return code 0
[2023-07-28T13:41:42.348+0000] {taskinstance.py:1406} INFO - Marking task as SUCCESS. dag_id=group_dag.downloads, task_id=download_a, execution_date=20230727T000000, start_date=20230728T134132, end_date=20230728T134142
[2023-07-28T13:41:42.401+0000] {local_task_job.py:164} INFO - Task exited with return code 0
[2023-07-28T13:41:42.423+0000] {local_task_job.py:273} INFO - 0 downstream tasks scheduled from follow-on schedule check
