[2023-07-28T13:41:32.186+0000] {taskinstance.py:1165} INFO - Dependencies all met for <TaskInstance: group_dag.downloads.download_b scheduled__2023-07-27T00:00:00+00:00 [queued]>
[2023-07-28T13:41:32.194+0000] {taskinstance.py:1165} INFO - Dependencies all met for <TaskInstance: group_dag.downloads.download_b scheduled__2023-07-27T00:00:00+00:00 [queued]>
[2023-07-28T13:41:32.194+0000] {taskinstance.py:1362} INFO - 
--------------------------------------------------------------------------------
[2023-07-28T13:41:32.194+0000] {taskinstance.py:1363} INFO - Starting attempt 1 of 1
[2023-07-28T13:41:32.195+0000] {taskinstance.py:1364} INFO - 
--------------------------------------------------------------------------------
[2023-07-28T13:41:32.216+0000] {taskinstance.py:1383} INFO - Executing <Task(BashOperator): download_b> on 2023-07-27 00:00:00+00:00
[2023-07-28T13:41:32.219+0000] {standard_task_runner.py:55} INFO - Started process 1072 to run task
[2023-07-28T13:41:32.222+0000] {standard_task_runner.py:82} INFO - Running: ['***', 'tasks', 'run', 'group_dag.downloads', 'download_b', 'scheduled__2023-07-27T00:00:00+00:00', '--job-id', '16', '--raw', '--subdir', 'DAGS_FOLDER/group_dag.py', '--cfg-path', '/tmp/tmpya6z6hr8']
[2023-07-28T13:41:32.223+0000] {standard_task_runner.py:83} INFO - Job 16: Subtask download_b
[2023-07-28T13:41:32.272+0000] {task_command.py:376} INFO - Running <TaskInstance: group_dag.downloads.download_b scheduled__2023-07-27T00:00:00+00:00 [running]> on host b81352b01223
[2023-07-28T13:41:32.325+0000] {taskinstance.py:1592} INFO - Exporting the following env vars:
AIRFLOW_CTX_DAG_OWNER=***
AIRFLOW_CTX_DAG_ID=group_dag.downloads
AIRFLOW_CTX_TASK_ID=download_b
AIRFLOW_CTX_EXECUTION_DATE=2023-07-27T00:00:00+00:00
AIRFLOW_CTX_TRY_NUMBER=1
AIRFLOW_CTX_DAG_RUN_ID=scheduled__2023-07-27T00:00:00+00:00
[2023-07-28T13:41:32.326+0000] {subprocess.py:63} INFO - Tmp dir root location: 
 /tmp
[2023-07-28T13:41:32.326+0000] {subprocess.py:75} INFO - Running command: ['/bin/bash', '-c', 'sleep 10']
[2023-07-28T13:41:32.332+0000] {subprocess.py:86} INFO - Output:
[2023-07-28T13:41:42.334+0000] {subprocess.py:97} INFO - Command exited with return code 0
[2023-07-28T13:41:42.353+0000] {taskinstance.py:1406} INFO - Marking task as SUCCESS. dag_id=group_dag.downloads, task_id=download_b, execution_date=20230727T000000, start_date=20230728T134132, end_date=20230728T134142
[2023-07-28T13:41:42.405+0000] {local_task_job.py:164} INFO - Task exited with return code 0
[2023-07-28T13:41:42.433+0000] {local_task_job.py:273} INFO - 0 downstream tasks scheduled from follow-on schedule check
