[2023-07-28T13:42:42.891+0000] {taskinstance.py:1165} INFO - Dependencies all met for <TaskInstance: group_dag.transform_b scheduled__2023-07-27T00:00:00+00:00 [queued]>
[2023-07-28T13:42:42.898+0000] {taskinstance.py:1165} INFO - Dependencies all met for <TaskInstance: group_dag.transform_b scheduled__2023-07-27T00:00:00+00:00 [queued]>
[2023-07-28T13:42:42.899+0000] {taskinstance.py:1362} INFO - 
--------------------------------------------------------------------------------
[2023-07-28T13:42:42.899+0000] {taskinstance.py:1363} INFO - Starting attempt 1 of 1
[2023-07-28T13:42:42.899+0000] {taskinstance.py:1364} INFO - 
--------------------------------------------------------------------------------
[2023-07-28T13:42:42.917+0000] {taskinstance.py:1383} INFO - Executing <Task(BashOperator): transform_b> on 2023-07-27 00:00:00+00:00
[2023-07-28T13:42:42.920+0000] {standard_task_runner.py:55} INFO - Started process 1146 to run task
[2023-07-28T13:42:42.923+0000] {standard_task_runner.py:82} INFO - Running: ['***', 'tasks', 'run', 'group_dag', 'transform_b', 'scheduled__2023-07-27T00:00:00+00:00', '--job-id', '22', '--raw', '--subdir', 'DAGS_FOLDER/group_dag.py', '--cfg-path', '/tmp/tmpqz7zop8c']
[2023-07-28T13:42:42.923+0000] {standard_task_runner.py:83} INFO - Job 22: Subtask transform_b
[2023-07-28T13:42:42.972+0000] {task_command.py:376} INFO - Running <TaskInstance: group_dag.transform_b scheduled__2023-07-27T00:00:00+00:00 [running]> on host b81352b01223
[2023-07-28T13:42:43.024+0000] {taskinstance.py:1592} INFO - Exporting the following env vars:
AIRFLOW_CTX_DAG_OWNER=***
AIRFLOW_CTX_DAG_ID=group_dag
AIRFLOW_CTX_TASK_ID=transform_b
AIRFLOW_CTX_EXECUTION_DATE=2023-07-27T00:00:00+00:00
AIRFLOW_CTX_TRY_NUMBER=1
AIRFLOW_CTX_DAG_RUN_ID=scheduled__2023-07-27T00:00:00+00:00
[2023-07-28T13:42:43.025+0000] {subprocess.py:63} INFO - Tmp dir root location: 
 /tmp
[2023-07-28T13:42:43.026+0000] {subprocess.py:75} INFO - Running command: ['/bin/bash', '-c', 'sleep 10']
[2023-07-28T13:42:43.033+0000] {subprocess.py:86} INFO - Output:
[2023-07-28T13:42:53.035+0000] {subprocess.py:97} INFO - Command exited with return code 0
[2023-07-28T13:42:53.054+0000] {taskinstance.py:1406} INFO - Marking task as SUCCESS. dag_id=group_dag, task_id=transform_b, execution_date=20230727T000000, start_date=20230728T134242, end_date=20230728T134253
[2023-07-28T13:42:53.106+0000] {local_task_job.py:164} INFO - Task exited with return code 0
[2023-07-28T13:42:53.120+0000] {local_task_job.py:273} INFO - 0 downstream tasks scheduled from follow-on schedule check
