[2023-07-28T09:03:43.402+0000] {taskinstance.py:1165} INFO - Dependencies all met for <TaskInstance: user_processing.store_user scheduled__2023-07-27T00:00:00+00:00 [queued]>
[2023-07-28T09:03:43.410+0000] {taskinstance.py:1165} INFO - Dependencies all met for <TaskInstance: user_processing.store_user scheduled__2023-07-27T00:00:00+00:00 [queued]>
[2023-07-28T09:03:43.410+0000] {taskinstance.py:1362} INFO - 
--------------------------------------------------------------------------------
[2023-07-28T09:03:43.411+0000] {taskinstance.py:1363} INFO - Starting attempt 1 of 1
[2023-07-28T09:03:43.411+0000] {taskinstance.py:1364} INFO - 
--------------------------------------------------------------------------------
[2023-07-28T09:03:43.422+0000] {taskinstance.py:1383} INFO - Executing <Task(PythonOperator): store_user> on 2023-07-27 00:00:00+00:00
[2023-07-28T09:03:43.427+0000] {standard_task_runner.py:55} INFO - Started process 9228 to run task
[2023-07-28T09:03:43.429+0000] {standard_task_runner.py:82} INFO - Running: ['***', 'tasks', 'run', 'user_processing', 'store_user', 'scheduled__2023-07-27T00:00:00+00:00', '--job-id', '12', '--raw', '--subdir', 'DAGS_FOLDER/user_processing.py', '--cfg-path', '/tmp/tmpd3hop5k5']
[2023-07-28T09:03:43.431+0000] {standard_task_runner.py:83} INFO - Job 12: Subtask store_user
[2023-07-28T09:03:43.481+0000] {task_command.py:376} INFO - Running <TaskInstance: user_processing.store_user scheduled__2023-07-27T00:00:00+00:00 [running]> on host b81352b01223
[2023-07-28T09:03:43.531+0000] {taskinstance.py:1592} INFO - Exporting the following env vars:
AIRFLOW_CTX_DAG_OWNER=***
AIRFLOW_CTX_DAG_ID=user_processing
AIRFLOW_CTX_TASK_ID=store_user
AIRFLOW_CTX_EXECUTION_DATE=2023-07-27T00:00:00+00:00
AIRFLOW_CTX_TRY_NUMBER=1
AIRFLOW_CTX_DAG_RUN_ID=scheduled__2023-07-27T00:00:00+00:00
[2023-07-28T09:03:43.532+0000] {postgres.py:129} INFO - Running copy expert: COPY users FROM stdin WITH DELIMITER as ',', filename: /tmp/processed_user.csv
[2023-07-28T09:03:43.539+0000] {base.py:71} INFO - Using connection ID 'postgres' for task execution.
[2023-07-28T09:03:43.544+0000] {python.py:177} INFO - Done. Returned value was: None
[2023-07-28T09:03:43.552+0000] {taskinstance.py:1406} INFO - Marking task as SUCCESS. dag_id=user_processing, task_id=store_user, execution_date=20230727T000000, start_date=20230728T090343, end_date=20230728T090343
[2023-07-28T09:03:43.601+0000] {local_task_job.py:164} INFO - Task exited with return code 0
[2023-07-28T09:03:43.616+0000] {local_task_job.py:273} INFO - 0 downstream tasks scheduled from follow-on schedule check
