[2023-07-29T03:17:26.167+0000] {taskinstance.py:1165} INFO - Dependencies all met for <TaskInstance: xcom_dag.t1 manual__2023-07-29T03:17:25.679990+00:00 [queued]>
[2023-07-29T03:17:26.176+0000] {taskinstance.py:1165} INFO - Dependencies all met for <TaskInstance: xcom_dag.t1 manual__2023-07-29T03:17:25.679990+00:00 [queued]>
[2023-07-29T03:17:26.176+0000] {taskinstance.py:1362} INFO - 
--------------------------------------------------------------------------------
[2023-07-29T03:17:26.176+0000] {taskinstance.py:1363} INFO - Starting attempt 1 of 1
[2023-07-29T03:17:26.177+0000] {taskinstance.py:1364} INFO - 
--------------------------------------------------------------------------------
[2023-07-29T03:17:26.188+0000] {taskinstance.py:1383} INFO - Executing <Task(PythonOperator): t1> on 2023-07-29 03:17:25.679990+00:00
[2023-07-29T03:17:26.206+0000] {standard_task_runner.py:55} INFO - Started process 3373 to run task
[2023-07-29T03:17:26.209+0000] {standard_task_runner.py:82} INFO - Running: ['***', 'tasks', 'run', 'xcom_dag', 't1', 'manual__2023-07-29T03:17:25.679990+00:00', '--job-id', '44', '--raw', '--subdir', 'DAGS_FOLDER/xcom_dag.py', '--cfg-path', '/tmp/tmpnz4s64dr']
[2023-07-29T03:17:26.209+0000] {standard_task_runner.py:83} INFO - Job 44: Subtask t1
[2023-07-29T03:17:26.258+0000] {task_command.py:376} INFO - Running <TaskInstance: xcom_dag.t1 manual__2023-07-29T03:17:25.679990+00:00 [running]> on host b81352b01223
[2023-07-29T03:17:26.310+0000] {taskinstance.py:1592} INFO - Exporting the following env vars:
AIRFLOW_CTX_DAG_OWNER=***
AIRFLOW_CTX_DAG_ID=xcom_dag
AIRFLOW_CTX_TASK_ID=t1
AIRFLOW_CTX_EXECUTION_DATE=2023-07-29T03:17:25.679990+00:00
AIRFLOW_CTX_TRY_NUMBER=1
AIRFLOW_CTX_DAG_RUN_ID=manual__2023-07-29T03:17:25.679990+00:00
[2023-07-29T03:17:26.320+0000] {python.py:177} INFO - Done. Returned value was: None
[2023-07-29T03:17:26.327+0000] {taskinstance.py:1406} INFO - Marking task as SUCCESS. dag_id=xcom_dag, task_id=t1, execution_date=20230729T031725, start_date=20230729T031726, end_date=20230729T031726
[2023-07-29T03:17:26.340+0000] {local_task_job.py:164} INFO - Task exited with return code 0
[2023-07-29T03:17:26.363+0000] {local_task_job.py:273} INFO - 1 downstream tasks scheduled from follow-on schedule check
