[2023-07-29T03:16:44.582+0000] {taskinstance.py:1165} INFO - Dependencies all met for <TaskInstance: xcom_dag.t4 scheduled__2023-07-28T00:00:00+00:00 [queued]>
[2023-07-29T03:16:44.590+0000] {taskinstance.py:1165} INFO - Dependencies all met for <TaskInstance: xcom_dag.t4 scheduled__2023-07-28T00:00:00+00:00 [queued]>
[2023-07-29T03:16:44.590+0000] {taskinstance.py:1362} INFO - 
--------------------------------------------------------------------------------
[2023-07-29T03:16:44.590+0000] {taskinstance.py:1363} INFO - Starting attempt 1 of 1
[2023-07-29T03:16:44.591+0000] {taskinstance.py:1364} INFO - 
--------------------------------------------------------------------------------
[2023-07-29T03:16:44.602+0000] {taskinstance.py:1383} INFO - Executing <Task(BashOperator): t4> on 2023-07-28 00:00:00+00:00
[2023-07-29T03:16:44.606+0000] {standard_task_runner.py:55} INFO - Started process 3334 to run task
[2023-07-29T03:16:44.608+0000] {standard_task_runner.py:82} INFO - Running: ['***', 'tasks', 'run', 'xcom_dag', 't4', 'scheduled__2023-07-28T00:00:00+00:00', '--job-id', '43', '--raw', '--subdir', 'DAGS_FOLDER/xcom_dag.py', '--cfg-path', '/tmp/tmpv5krt9re']
[2023-07-29T03:16:44.609+0000] {standard_task_runner.py:83} INFO - Job 43: Subtask t4
[2023-07-29T03:16:44.655+0000] {task_command.py:376} INFO - Running <TaskInstance: xcom_dag.t4 scheduled__2023-07-28T00:00:00+00:00 [running]> on host b81352b01223
[2023-07-29T03:16:44.707+0000] {taskinstance.py:1592} INFO - Exporting the following env vars:
AIRFLOW_CTX_DAG_OWNER=***
AIRFLOW_CTX_DAG_ID=xcom_dag
AIRFLOW_CTX_TASK_ID=t4
AIRFLOW_CTX_EXECUTION_DATE=2023-07-28T00:00:00+00:00
AIRFLOW_CTX_TRY_NUMBER=1
AIRFLOW_CTX_DAG_RUN_ID=scheduled__2023-07-28T00:00:00+00:00
[2023-07-29T03:16:44.708+0000] {subprocess.py:63} INFO - Tmp dir root location: 
 /tmp
[2023-07-29T03:16:44.708+0000] {subprocess.py:75} INFO - Running command: ['/bin/bash', '-c', "echo ''"]
[2023-07-29T03:16:44.714+0000] {subprocess.py:86} INFO - Output:
[2023-07-29T03:16:44.715+0000] {subprocess.py:93} INFO - 
[2023-07-29T03:16:44.716+0000] {subprocess.py:97} INFO - Command exited with return code 0
[2023-07-29T03:16:44.735+0000] {taskinstance.py:1406} INFO - Marking task as SUCCESS. dag_id=xcom_dag, task_id=t4, execution_date=20230728T000000, start_date=20230729T031644, end_date=20230729T031644
[2023-07-29T03:16:44.780+0000] {local_task_job.py:164} INFO - Task exited with return code 0
[2023-07-29T03:16:44.795+0000] {local_task_job.py:273} INFO - 0 downstream tasks scheduled from follow-on schedule check
