[2023-07-28T08:05:53.137+0000] {taskinstance.py:1165} INFO - Dependencies all met for <TaskInstance: user_processing.extract_user manual__2023-07-28T08:05:48.671819+00:00 [queued]>
[2023-07-28T08:05:53.146+0000] {taskinstance.py:1165} INFO - Dependencies all met for <TaskInstance: user_processing.extract_user manual__2023-07-28T08:05:48.671819+00:00 [queued]>
[2023-07-28T08:05:53.147+0000] {taskinstance.py:1362} INFO - 
--------------------------------------------------------------------------------
[2023-07-28T08:05:53.147+0000] {taskinstance.py:1363} INFO - Starting attempt 1 of 1
[2023-07-28T08:05:53.147+0000] {taskinstance.py:1364} INFO - 
--------------------------------------------------------------------------------
[2023-07-28T08:05:53.159+0000] {taskinstance.py:1383} INFO - Executing <Task(SimpleHttpOperator): extract_user> on 2023-07-28 08:05:48.671819+00:00
[2023-07-28T08:05:53.163+0000] {standard_task_runner.py:55} INFO - Started process 6397 to run task
[2023-07-28T08:05:53.165+0000] {standard_task_runner.py:82} INFO - Running: ['***', 'tasks', 'run', 'user_processing', 'extract_user', 'manual__2023-07-28T08:05:48.671819+00:00', '--job-id', '6', '--raw', '--subdir', 'DAGS_FOLDER/user_processing.py', '--cfg-path', '/tmp/tmpwl6kmo87']
[2023-07-28T08:05:53.167+0000] {standard_task_runner.py:83} INFO - Job 6: Subtask extract_user
[2023-07-28T08:05:53.218+0000] {task_command.py:376} INFO - Running <TaskInstance: user_processing.extract_user manual__2023-07-28T08:05:48.671819+00:00 [running]> on host b81352b01223
[2023-07-28T08:05:53.271+0000] {taskinstance.py:1592} INFO - Exporting the following env vars:
AIRFLOW_CTX_DAG_OWNER=***
AIRFLOW_CTX_DAG_ID=user_processing
AIRFLOW_CTX_TASK_ID=extract_user
AIRFLOW_CTX_EXECUTION_DATE=2023-07-28T08:05:48.671819+00:00
AIRFLOW_CTX_TRY_NUMBER=1
AIRFLOW_CTX_DAG_RUN_ID=manual__2023-07-28T08:05:48.671819+00:00
[2023-07-28T08:05:53.272+0000] {http.py:121} INFO - Calling HTTP method
[2023-07-28T08:05:53.280+0000] {base.py:71} INFO - Using connection ID 'user_api' for task execution.
[2023-07-28T08:05:53.281+0000] {http.py:148} INFO - Sending 'GET' to url: https://randomuser.me/api
[2023-07-28T08:05:54.001+0000] {http.py:125} INFO - {"results":[{"gender":"female","name":{"title":"Mrs","first":"Andrea","last":"Nielsen"},"location":{"street":{"number":9077,"name":"Nørrevang"},"city":"Aalborg S.Ø.","state":"Hovedstaden","country":"Denmark","postcode":38923,"coordinates":{"latitude":"-42.1216","longitude":"94.7449"},"timezone":{"offset":"-6:00","description":"Central Time (US & Canada), Mexico City"}},"email":"andrea.nielsen@example.com","login":{"uuid":"1a93e904-5f38-40ca-bc13-45ff2c1893e3","username":"brownfish398","password":"babyblue","salt":"8nGcVOmX","md5":"b77a8ad8f64b095b58aa3113c488f855","sha1":"d8ac1ae95f31c0d5aeb97398dbf1af0607d1dbbf","sha256":"97493d9920103c7754876e09d4fd640380ca2bd33edabcbae424e645722b2f57"},"dob":{"date":"1999-02-06T12:40:26.273Z","age":24},"registered":{"date":"2021-03-11T01:07:19.267Z","age":2},"phone":"71562920","cell":"27158127","id":{"name":"CPR","value":"060299-5446"},"picture":{"large":"https://randomuser.me/api/portraits/women/14.jpg","medium":"https://randomuser.me/api/portraits/med/women/14.jpg","thumbnail":"https://randomuser.me/api/portraits/thumb/women/14.jpg"},"nat":"DK"}],"info":{"seed":"161b85eeef0d79e1","results":1,"page":1,"version":"1.4"}}
[2023-07-28T08:05:54.020+0000] {taskinstance.py:1406} INFO - Marking task as SUCCESS. dag_id=user_processing, task_id=extract_user, execution_date=20230728T080548, start_date=20230728T080553, end_date=20230728T080554
[2023-07-28T08:05:54.059+0000] {local_task_job.py:164} INFO - Task exited with return code 0
[2023-07-28T08:05:54.082+0000] {local_task_job.py:273} INFO - 1 downstream tasks scheduled from follow-on schedule check
