[2023-07-29T03:17:28.901+0000] {taskinstance.py:1165} INFO - Dependencies all met for <TaskInstance: xcom_dag.t4 manual__2023-07-29T03:17:25.679990+00:00 [queued]>
[2023-07-29T03:17:28.909+0000] {taskinstance.py:1165} INFO - Dependencies all met for <TaskInstance: xcom_dag.t4 manual__2023-07-29T03:17:25.679990+00:00 [queued]>
[2023-07-29T03:17:28.909+0000] {taskinstance.py:1362} INFO - 
--------------------------------------------------------------------------------
[2023-07-29T03:17:28.909+0000] {taskinstance.py:1363} INFO - Starting attempt 1 of 1
[2023-07-29T03:17:28.910+0000] {taskinstance.py:1364} INFO - 
--------------------------------------------------------------------------------
[2023-07-29T03:17:28.921+0000] {taskinstance.py:1383} INFO - Executing <Task(BashOperator): t4> on 2023-07-29 03:17:25.679990+00:00
[2023-07-29T03:17:28.924+0000] {standard_task_runner.py:55} INFO - Started process 3379 to run task
[2023-07-29T03:17:28.927+0000] {standard_task_runner.py:82} INFO - Running: ['***', 'tasks', 'run', 'xcom_dag', 't4', 'manual__2023-07-29T03:17:25.679990+00:00', '--job-id', '47', '--raw', '--subdir', 'DAGS_FOLDER/xcom_dag.py', '--cfg-path', '/tmp/tmpyki_3d8q']
[2023-07-29T03:17:28.927+0000] {standard_task_runner.py:83} INFO - Job 47: Subtask t4
[2023-07-29T03:17:28.971+0000] {task_command.py:376} INFO - Running <TaskInstance: xcom_dag.t4 manual__2023-07-29T03:17:25.679990+00:00 [running]> on host b81352b01223
[2023-07-29T03:17:29.021+0000] {taskinstance.py:1592} INFO - Exporting the following env vars:
AIRFLOW_CTX_DAG_OWNER=***
AIRFLOW_CTX_DAG_ID=xcom_dag
AIRFLOW_CTX_TASK_ID=t4
AIRFLOW_CTX_EXECUTION_DATE=2023-07-29T03:17:25.679990+00:00
AIRFLOW_CTX_TRY_NUMBER=1
AIRFLOW_CTX_DAG_RUN_ID=manual__2023-07-29T03:17:25.679990+00:00
[2023-07-29T03:17:29.022+0000] {subprocess.py:63} INFO - Tmp dir root location: 
 /tmp
[2023-07-29T03:17:29.023+0000] {subprocess.py:75} INFO - Running command: ['/bin/bash', '-c', "echo ''"]
[2023-07-29T03:17:29.029+0000] {subprocess.py:86} INFO - Output:
[2023-07-29T03:17:29.030+0000] {subprocess.py:93} INFO - 
[2023-07-29T03:17:29.030+0000] {subprocess.py:97} INFO - Command exited with return code 0
[2023-07-29T03:17:29.047+0000] {taskinstance.py:1406} INFO - Marking task as SUCCESS. dag_id=xcom_dag, task_id=t4, execution_date=20230729T031725, start_date=20230729T031728, end_date=20230729T031729
[2023-07-29T03:17:29.098+0000] {local_task_job.py:164} INFO - Task exited with return code 0
[2023-07-29T03:17:29.179+0000] {local_task_job.py:273} INFO - 0 downstream tasks scheduled from follow-on schedule check
