[2023-07-28T14:19:01.726+0000] {taskinstance.py:1165} INFO - Dependencies all met for <TaskInstance: xcom_dag.t1 scheduled__2023-07-27T00:00:00+00:00 [queued]>
[2023-07-28T14:19:01.734+0000] {taskinstance.py:1165} INFO - Dependencies all met for <TaskInstance: xcom_dag.t1 scheduled__2023-07-27T00:00:00+00:00 [queued]>
[2023-07-28T14:19:01.734+0000] {taskinstance.py:1362} INFO - 
--------------------------------------------------------------------------------
[2023-07-28T14:19:01.735+0000] {taskinstance.py:1363} INFO - Starting attempt 1 of 1
[2023-07-28T14:19:01.735+0000] {taskinstance.py:1364} INFO - 
--------------------------------------------------------------------------------
[2023-07-28T14:19:01.747+0000] {taskinstance.py:1383} INFO - Executing <Task(PythonOperator): t1> on 2023-07-27 00:00:00+00:00
[2023-07-28T14:19:01.750+0000] {standard_task_runner.py:55} INFO - Started process 2914 to run task
[2023-07-28T14:19:01.753+0000] {standard_task_runner.py:82} INFO - Running: ['***', 'tasks', 'run', 'xcom_dag', 't1', 'scheduled__2023-07-27T00:00:00+00:00', '--job-id', '23', '--raw', '--subdir', 'DAGS_FOLDER/xcom_dag.py', '--cfg-path', '/tmp/tmpn8bf6dpf']
[2023-07-28T14:19:01.754+0000] {standard_task_runner.py:83} INFO - Job 23: Subtask t1
[2023-07-28T14:19:01.801+0000] {task_command.py:376} INFO - Running <TaskInstance: xcom_dag.t1 scheduled__2023-07-27T00:00:00+00:00 [running]> on host b81352b01223
[2023-07-28T14:19:01.854+0000] {taskinstance.py:1592} INFO - Exporting the following env vars:
AIRFLOW_CTX_DAG_OWNER=***
AIRFLOW_CTX_DAG_ID=xcom_dag
AIRFLOW_CTX_TASK_ID=t1
AIRFLOW_CTX_EXECUTION_DATE=2023-07-27T00:00:00+00:00
AIRFLOW_CTX_TRY_NUMBER=1
AIRFLOW_CTX_DAG_RUN_ID=scheduled__2023-07-27T00:00:00+00:00
[2023-07-28T14:19:01.865+0000] {python.py:177} INFO - Done. Returned value was: None
[2023-07-28T14:19:01.873+0000] {taskinstance.py:1406} INFO - Marking task as SUCCESS. dag_id=xcom_dag, task_id=t1, execution_date=20230727T000000, start_date=20230728T141901, end_date=20230728T141901
[2023-07-28T14:19:01.924+0000] {local_task_job.py:164} INFO - Task exited with return code 0
[2023-07-28T14:19:01.946+0000] {local_task_job.py:273} INFO - 1 downstream tasks scheduled from follow-on schedule check
[2023-07-28T14:24:09.985+0000] {taskinstance.py:1165} INFO - Dependencies all met for <TaskInstance: xcom_dag.t1 scheduled__2023-07-27T00:00:00+00:00 [queued]>
[2023-07-28T14:24:09.993+0000] {taskinstance.py:1165} INFO - Dependencies all met for <TaskInstance: xcom_dag.t1 scheduled__2023-07-27T00:00:00+00:00 [queued]>
[2023-07-28T14:24:09.994+0000] {taskinstance.py:1362} INFO - 
--------------------------------------------------------------------------------
[2023-07-28T14:24:09.994+0000] {taskinstance.py:1363} INFO - Starting attempt 1 of 1
[2023-07-28T14:24:09.994+0000] {taskinstance.py:1364} INFO - 
--------------------------------------------------------------------------------
[2023-07-28T14:24:10.006+0000] {taskinstance.py:1383} INFO - Executing <Task(PythonOperator): t1> on 2023-07-27 00:00:00+00:00
[2023-07-28T14:24:10.010+0000] {standard_task_runner.py:55} INFO - Started process 3176 to run task
[2023-07-28T14:24:10.012+0000] {standard_task_runner.py:82} INFO - Running: ['***', 'tasks', 'run', 'xcom_dag', 't1', 'scheduled__2023-07-27T00:00:00+00:00', '--job-id', '27', '--raw', '--subdir', 'DAGS_FOLDER/xcom_dag.py', '--cfg-path', '/tmp/tmp4g6d6klw']
[2023-07-28T14:24:10.013+0000] {standard_task_runner.py:83} INFO - Job 27: Subtask t1
[2023-07-28T14:24:10.059+0000] {task_command.py:376} INFO - Running <TaskInstance: xcom_dag.t1 scheduled__2023-07-27T00:00:00+00:00 [running]> on host b81352b01223
[2023-07-28T14:24:10.111+0000] {taskinstance.py:1592} INFO - Exporting the following env vars:
AIRFLOW_CTX_DAG_OWNER=***
AIRFLOW_CTX_DAG_ID=xcom_dag
AIRFLOW_CTX_TASK_ID=t1
AIRFLOW_CTX_EXECUTION_DATE=2023-07-27T00:00:00+00:00
AIRFLOW_CTX_TRY_NUMBER=1
AIRFLOW_CTX_DAG_RUN_ID=scheduled__2023-07-27T00:00:00+00:00
[2023-07-28T14:24:10.122+0000] {python.py:177} INFO - Done. Returned value was: None
[2023-07-28T14:24:10.129+0000] {taskinstance.py:1406} INFO - Marking task as SUCCESS. dag_id=xcom_dag, task_id=t1, execution_date=20230727T000000, start_date=20230728T142409, end_date=20230728T142410
[2023-07-28T14:24:10.144+0000] {local_task_job.py:164} INFO - Task exited with return code 0
[2023-07-28T14:24:10.166+0000] {local_task_job.py:273} INFO - 1 downstream tasks scheduled from follow-on schedule check
