[2023-07-29T03:16:42.236+0000] {taskinstance.py:1165} INFO - Dependencies all met for <TaskInstance: xcom_dag.branch scheduled__2023-07-28T00:00:00+00:00 [queued]>
[2023-07-29T03:16:42.244+0000] {taskinstance.py:1165} INFO - Dependencies all met for <TaskInstance: xcom_dag.branch scheduled__2023-07-28T00:00:00+00:00 [queued]>
[2023-07-29T03:16:42.244+0000] {taskinstance.py:1362} INFO - 
--------------------------------------------------------------------------------
[2023-07-29T03:16:42.244+0000] {taskinstance.py:1363} INFO - Starting attempt 1 of 1
[2023-07-29T03:16:42.245+0000] {taskinstance.py:1364} INFO - 
--------------------------------------------------------------------------------
[2023-07-29T03:16:42.257+0000] {taskinstance.py:1383} INFO - Executing <Task(BranchPythonOperator): branch> on 2023-07-28 00:00:00+00:00
[2023-07-29T03:16:42.260+0000] {standard_task_runner.py:55} INFO - Started process 3330 to run task
[2023-07-29T03:16:42.262+0000] {standard_task_runner.py:82} INFO - Running: ['***', 'tasks', 'run', 'xcom_dag', 'branch', 'scheduled__2023-07-28T00:00:00+00:00', '--job-id', '41', '--raw', '--subdir', 'DAGS_FOLDER/xcom_dag.py', '--cfg-path', '/tmp/tmpvmygxn8y']
[2023-07-29T03:16:42.263+0000] {standard_task_runner.py:83} INFO - Job 41: Subtask branch
[2023-07-29T03:16:42.308+0000] {task_command.py:376} INFO - Running <TaskInstance: xcom_dag.branch scheduled__2023-07-28T00:00:00+00:00 [running]> on host b81352b01223
[2023-07-29T03:16:42.359+0000] {taskinstance.py:1592} INFO - Exporting the following env vars:
AIRFLOW_CTX_DAG_OWNER=***
AIRFLOW_CTX_DAG_ID=xcom_dag
AIRFLOW_CTX_TASK_ID=branch
AIRFLOW_CTX_EXECUTION_DATE=2023-07-28T00:00:00+00:00
AIRFLOW_CTX_TRY_NUMBER=1
AIRFLOW_CTX_DAG_RUN_ID=scheduled__2023-07-28T00:00:00+00:00
[2023-07-29T03:16:42.368+0000] {python.py:177} INFO - Done. Returned value was: t2
[2023-07-29T03:16:42.368+0000] {skipmixin.py:155} INFO - Following branch t2
[2023-07-29T03:16:42.369+0000] {skipmixin.py:190} INFO - Skipping tasks ['t3']
[2023-07-29T03:16:42.398+0000] {taskinstance.py:1406} INFO - Marking task as SUCCESS. dag_id=xcom_dag, task_id=branch, execution_date=20230728T000000, start_date=20230729T031642, end_date=20230729T031642
[2023-07-29T03:16:42.434+0000] {local_task_job.py:164} INFO - Task exited with return code 0
[2023-07-29T03:16:42.461+0000] {local_task_job.py:273} INFO - 1 downstream tasks scheduled from follow-on schedule check
