[2023-07-28T13:42:42.891+0000] {taskinstance.py:1165} INFO - Dependencies all met for <TaskInstance: group_dag.transform_c scheduled__2023-07-27T00:00:00+00:00 [queued]>
[2023-07-28T13:42:42.898+0000] {taskinstance.py:1165} INFO - Dependencies all met for <TaskInstance: group_dag.transform_c scheduled__2023-07-27T00:00:00+00:00 [queued]>
[2023-07-28T13:42:42.899+0000] {taskinstance.py:1362} INFO - 
--------------------------------------------------------------------------------
[2023-07-28T13:42:42.899+0000] {taskinstance.py:1363} INFO - Starting attempt 1 of 1
[2023-07-28T13:42:42.899+0000] {taskinstance.py:1364} INFO - 
--------------------------------------------------------------------------------
[2023-07-28T13:42:42.922+0000] {taskinstance.py:1383} INFO - Executing <Task(BashOperator): transform_c> on 2023-07-27 00:00:00+00:00
[2023-07-28T13:42:42.926+0000] {standard_task_runner.py:55} INFO - Started process 1147 to run task
[2023-07-28T13:42:42.928+0000] {standard_task_runner.py:82} INFO - Running: ['***', 'tasks', 'run', 'group_dag', 'transform_c', 'scheduled__2023-07-27T00:00:00+00:00', '--job-id', '21', '--raw', '--subdir', 'DAGS_FOLDER/group_dag.py', '--cfg-path', '/tmp/tmpbpsin18r']
[2023-07-28T13:42:42.929+0000] {standard_task_runner.py:83} INFO - Job 21: Subtask transform_c
[2023-07-28T13:42:42.975+0000] {task_command.py:376} INFO - Running <TaskInstance: group_dag.transform_c scheduled__2023-07-27T00:00:00+00:00 [running]> on host b81352b01223
[2023-07-28T13:42:43.029+0000] {taskinstance.py:1592} INFO - Exporting the following env vars:
AIRFLOW_CTX_DAG_OWNER=***
AIRFLOW_CTX_DAG_ID=group_dag
AIRFLOW_CTX_TASK_ID=transform_c
AIRFLOW_CTX_EXECUTION_DATE=2023-07-27T00:00:00+00:00
AIRFLOW_CTX_TRY_NUMBER=1
AIRFLOW_CTX_DAG_RUN_ID=scheduled__2023-07-27T00:00:00+00:00
[2023-07-28T13:42:43.030+0000] {subprocess.py:63} INFO - Tmp dir root location: 
 /tmp
[2023-07-28T13:42:43.031+0000] {subprocess.py:75} INFO - Running command: ['/bin/bash', '-c', 'sleep 10']
[2023-07-28T13:42:43.037+0000] {subprocess.py:86} INFO - Output:
[2023-07-28T13:42:53.039+0000] {subprocess.py:97} INFO - Command exited with return code 0
[2023-07-28T13:42:53.058+0000] {taskinstance.py:1406} INFO - Marking task as SUCCESS. dag_id=group_dag, task_id=transform_c, execution_date=20230727T000000, start_date=20230728T134242, end_date=20230728T134253
[2023-07-28T13:42:53.111+0000] {local_task_job.py:164} INFO - Task exited with return code 0
[2023-07-28T13:42:53.129+0000] {local_task_job.py:273} INFO - 0 downstream tasks scheduled from follow-on schedule check
