[2023-07-28T14:25:22.658+0000] {taskinstance.py:1165} INFO - Dependencies all met for <TaskInstance: xcom_dag.t2 manual__2023-07-28T14:25:20.588934+00:00 [queued]>
[2023-07-28T14:25:22.666+0000] {taskinstance.py:1165} INFO - Dependencies all met for <TaskInstance: xcom_dag.t2 manual__2023-07-28T14:25:20.588934+00:00 [queued]>
[2023-07-28T14:25:22.666+0000] {taskinstance.py:1362} INFO - 
--------------------------------------------------------------------------------
[2023-07-28T14:25:22.666+0000] {taskinstance.py:1363} INFO - Starting attempt 1 of 1
[2023-07-28T14:25:22.667+0000] {taskinstance.py:1364} INFO - 
--------------------------------------------------------------------------------
[2023-07-28T14:25:22.678+0000] {taskinstance.py:1383} INFO - Executing <Task(PythonOperator): t2> on 2023-07-28 14:25:20.588934+00:00
[2023-07-28T14:25:22.682+0000] {standard_task_runner.py:55} INFO - Started process 3246 to run task
[2023-07-28T14:25:22.685+0000] {standard_task_runner.py:82} INFO - Running: ['***', 'tasks', 'run', 'xcom_dag', 't2', 'manual__2023-07-28T14:25:20.588934+00:00', '--job-id', '30', '--raw', '--subdir', 'DAGS_FOLDER/xcom_dag.py', '--cfg-path', '/tmp/tmpvtjev_mm']
[2023-07-28T14:25:22.685+0000] {standard_task_runner.py:83} INFO - Job 30: Subtask t2
[2023-07-28T14:25:22.730+0000] {task_command.py:376} INFO - Running <TaskInstance: xcom_dag.t2 manual__2023-07-28T14:25:20.588934+00:00 [running]> on host b81352b01223
[2023-07-28T14:25:22.781+0000] {taskinstance.py:1592} INFO - Exporting the following env vars:
AIRFLOW_CTX_DAG_OWNER=***
AIRFLOW_CTX_DAG_ID=xcom_dag
AIRFLOW_CTX_TASK_ID=t2
AIRFLOW_CTX_EXECUTION_DATE=2023-07-28T14:25:20.588934+00:00
AIRFLOW_CTX_TRY_NUMBER=1
AIRFLOW_CTX_DAG_RUN_ID=manual__2023-07-28T14:25:20.588934+00:00
[2023-07-28T14:25:22.790+0000] {logging_mixin.py:120} INFO - 42
[2023-07-28T14:25:22.790+0000] {python.py:177} INFO - Done. Returned value was: None
[2023-07-28T14:25:22.797+0000] {taskinstance.py:1406} INFO - Marking task as SUCCESS. dag_id=xcom_dag, task_id=t2, execution_date=20230728T142520, start_date=20230728T142522, end_date=20230728T142522
[2023-07-28T14:25:22.816+0000] {local_task_job.py:164} INFO - Task exited with return code 0
[2023-07-28T14:25:22.834+0000] {local_task_job.py:273} INFO - 1 downstream tasks scheduled from follow-on schedule check
