[2023-07-28T13:29:32.363+0000] {processor.py:154} INFO - Started process (PID=2593) to work on /opt/airflow/dags/subdags/subdag_downloads.py
[2023-07-28T13:29:32.364+0000] {processor.py:756} INFO - Processing file /opt/airflow/dags/subdags/subdag_downloads.py for tasks to queue
[2023-07-28T13:29:32.365+0000] {logging_mixin.py:120} INFO - [2023-07-28T13:29:32.364+0000] {dagbag.py:537} INFO - Filling up the DagBag from /opt/airflow/dags/subdags/subdag_downloads.py
[2023-07-28T13:29:32.381+0000] {processor.py:768} WARNING - No viable dags retrieved from /opt/airflow/dags/subdags/subdag_downloads.py
[2023-07-28T13:29:32.390+0000] {processor.py:176} INFO - Processing /opt/airflow/dags/subdags/subdag_downloads.py took 0.029 seconds
[2023-07-28T13:30:03.074+0000] {processor.py:154} INFO - Started process (PID=2660) to work on /opt/airflow/dags/subdags/subdag_downloads.py
[2023-07-28T13:30:03.075+0000] {processor.py:756} INFO - Processing file /opt/airflow/dags/subdags/subdag_downloads.py for tasks to queue
[2023-07-28T13:30:03.075+0000] {logging_mixin.py:120} INFO - [2023-07-28T13:30:03.075+0000] {dagbag.py:537} INFO - Filling up the DagBag from /opt/airflow/dags/subdags/subdag_downloads.py
[2023-07-28T13:30:03.086+0000] {processor.py:768} WARNING - No viable dags retrieved from /opt/airflow/dags/subdags/subdag_downloads.py
[2023-07-28T13:30:03.094+0000] {processor.py:176} INFO - Processing /opt/airflow/dags/subdags/subdag_downloads.py took 0.023 seconds
[2023-07-28T13:30:33.880+0000] {processor.py:154} INFO - Started process (PID=2727) to work on /opt/airflow/dags/subdags/subdag_downloads.py
[2023-07-28T13:30:33.881+0000] {processor.py:756} INFO - Processing file /opt/airflow/dags/subdags/subdag_downloads.py for tasks to queue
[2023-07-28T13:30:33.882+0000] {logging_mixin.py:120} INFO - [2023-07-28T13:30:33.881+0000] {dagbag.py:537} INFO - Filling up the DagBag from /opt/airflow/dags/subdags/subdag_downloads.py
[2023-07-28T13:30:33.893+0000] {processor.py:768} WARNING - No viable dags retrieved from /opt/airflow/dags/subdags/subdag_downloads.py
[2023-07-28T13:30:33.902+0000] {processor.py:176} INFO - Processing /opt/airflow/dags/subdags/subdag_downloads.py took 0.024 seconds
[2023-07-28T13:31:04.649+0000] {processor.py:154} INFO - Started process (PID=2786) to work on /opt/airflow/dags/subdags/subdag_downloads.py
[2023-07-28T13:31:04.650+0000] {processor.py:756} INFO - Processing file /opt/airflow/dags/subdags/subdag_downloads.py for tasks to queue
[2023-07-28T13:31:04.650+0000] {logging_mixin.py:120} INFO - [2023-07-28T13:31:04.650+0000] {dagbag.py:537} INFO - Filling up the DagBag from /opt/airflow/dags/subdags/subdag_downloads.py
[2023-07-28T13:31:04.661+0000] {processor.py:768} WARNING - No viable dags retrieved from /opt/airflow/dags/subdags/subdag_downloads.py
[2023-07-28T13:31:04.671+0000] {processor.py:176} INFO - Processing /opt/airflow/dags/subdags/subdag_downloads.py took 0.024 seconds
[2023-07-28T13:31:35.461+0000] {processor.py:154} INFO - Started process (PID=2853) to work on /opt/airflow/dags/subdags/subdag_downloads.py
[2023-07-28T13:31:35.462+0000] {processor.py:756} INFO - Processing file /opt/airflow/dags/subdags/subdag_downloads.py for tasks to queue
[2023-07-28T13:31:35.462+0000] {logging_mixin.py:120} INFO - [2023-07-28T13:31:35.462+0000] {dagbag.py:537} INFO - Filling up the DagBag from /opt/airflow/dags/subdags/subdag_downloads.py
[2023-07-28T13:31:35.473+0000] {processor.py:768} WARNING - No viable dags retrieved from /opt/airflow/dags/subdags/subdag_downloads.py
[2023-07-28T13:31:35.483+0000] {processor.py:176} INFO - Processing /opt/airflow/dags/subdags/subdag_downloads.py took 0.024 seconds
[2023-07-28T13:32:06.084+0000] {processor.py:154} INFO - Started process (PID=2920) to work on /opt/airflow/dags/subdags/subdag_downloads.py
[2023-07-28T13:32:06.084+0000] {processor.py:756} INFO - Processing file /opt/airflow/dags/subdags/subdag_downloads.py for tasks to queue
[2023-07-28T13:32:06.085+0000] {logging_mixin.py:120} INFO - [2023-07-28T13:32:06.085+0000] {dagbag.py:537} INFO - Filling up the DagBag from /opt/airflow/dags/subdags/subdag_downloads.py
[2023-07-28T13:32:06.096+0000] {processor.py:768} WARNING - No viable dags retrieved from /opt/airflow/dags/subdags/subdag_downloads.py
[2023-07-28T13:32:06.105+0000] {processor.py:176} INFO - Processing /opt/airflow/dags/subdags/subdag_downloads.py took 0.024 seconds
[2023-07-28T13:32:36.775+0000] {processor.py:154} INFO - Started process (PID=2988) to work on /opt/airflow/dags/subdags/subdag_downloads.py
[2023-07-28T13:32:36.776+0000] {processor.py:756} INFO - Processing file /opt/airflow/dags/subdags/subdag_downloads.py for tasks to queue
[2023-07-28T13:32:36.776+0000] {logging_mixin.py:120} INFO - [2023-07-28T13:32:36.776+0000] {dagbag.py:537} INFO - Filling up the DagBag from /opt/airflow/dags/subdags/subdag_downloads.py
[2023-07-28T13:32:36.787+0000] {processor.py:768} WARNING - No viable dags retrieved from /opt/airflow/dags/subdags/subdag_downloads.py
[2023-07-28T13:32:36.796+0000] {processor.py:176} INFO - Processing /opt/airflow/dags/subdags/subdag_downloads.py took 0.023 seconds
[2023-07-28T13:33:07.363+0000] {processor.py:154} INFO - Started process (PID=3053) to work on /opt/airflow/dags/subdags/subdag_downloads.py
[2023-07-28T13:33:07.364+0000] {processor.py:756} INFO - Processing file /opt/airflow/dags/subdags/subdag_downloads.py for tasks to queue
[2023-07-28T13:33:07.364+0000] {logging_mixin.py:120} INFO - [2023-07-28T13:33:07.364+0000] {dagbag.py:537} INFO - Filling up the DagBag from /opt/airflow/dags/subdags/subdag_downloads.py
[2023-07-28T13:33:07.375+0000] {processor.py:768} WARNING - No viable dags retrieved from /opt/airflow/dags/subdags/subdag_downloads.py
[2023-07-28T13:33:07.386+0000] {processor.py:176} INFO - Processing /opt/airflow/dags/subdags/subdag_downloads.py took 0.026 seconds
[2023-07-28T13:33:38.113+0000] {processor.py:154} INFO - Started process (PID=3121) to work on /opt/airflow/dags/subdags/subdag_downloads.py
[2023-07-28T13:33:38.114+0000] {processor.py:756} INFO - Processing file /opt/airflow/dags/subdags/subdag_downloads.py for tasks to queue
[2023-07-28T13:33:38.115+0000] {logging_mixin.py:120} INFO - [2023-07-28T13:33:38.115+0000] {dagbag.py:537} INFO - Filling up the DagBag from /opt/airflow/dags/subdags/subdag_downloads.py
[2023-07-28T13:33:38.126+0000] {processor.py:768} WARNING - No viable dags retrieved from /opt/airflow/dags/subdags/subdag_downloads.py
[2023-07-28T13:33:38.135+0000] {processor.py:176} INFO - Processing /opt/airflow/dags/subdags/subdag_downloads.py took 0.024 seconds
[2023-07-28T13:34:08.511+0000] {processor.py:154} INFO - Started process (PID=3189) to work on /opt/airflow/dags/subdags/subdag_downloads.py
[2023-07-28T13:34:08.511+0000] {processor.py:756} INFO - Processing file /opt/airflow/dags/subdags/subdag_downloads.py for tasks to queue
[2023-07-28T13:34:08.512+0000] {logging_mixin.py:120} INFO - [2023-07-28T13:34:08.512+0000] {dagbag.py:537} INFO - Filling up the DagBag from /opt/airflow/dags/subdags/subdag_downloads.py
[2023-07-28T13:34:08.523+0000] {processor.py:768} WARNING - No viable dags retrieved from /opt/airflow/dags/subdags/subdag_downloads.py
[2023-07-28T13:34:08.532+0000] {processor.py:176} INFO - Processing /opt/airflow/dags/subdags/subdag_downloads.py took 0.024 seconds
[2023-07-28T13:34:39.195+0000] {processor.py:154} INFO - Started process (PID=3275) to work on /opt/airflow/dags/subdags/subdag_downloads.py
[2023-07-28T13:34:39.196+0000] {processor.py:756} INFO - Processing file /opt/airflow/dags/subdags/subdag_downloads.py for tasks to queue
[2023-07-28T13:34:39.197+0000] {logging_mixin.py:120} INFO - [2023-07-28T13:34:39.197+0000] {dagbag.py:537} INFO - Filling up the DagBag from /opt/airflow/dags/subdags/subdag_downloads.py
[2023-07-28T13:34:39.208+0000] {processor.py:768} WARNING - No viable dags retrieved from /opt/airflow/dags/subdags/subdag_downloads.py
[2023-07-28T13:34:39.216+0000] {processor.py:176} INFO - Processing /opt/airflow/dags/subdags/subdag_downloads.py took 0.023 seconds
[2023-07-28T13:35:09.807+0000] {processor.py:154} INFO - Started process (PID=3342) to work on /opt/airflow/dags/subdags/subdag_downloads.py
[2023-07-28T13:35:09.808+0000] {processor.py:756} INFO - Processing file /opt/airflow/dags/subdags/subdag_downloads.py for tasks to queue
[2023-07-28T13:35:09.808+0000] {logging_mixin.py:120} INFO - [2023-07-28T13:35:09.808+0000] {dagbag.py:537} INFO - Filling up the DagBag from /opt/airflow/dags/subdags/subdag_downloads.py
[2023-07-28T13:35:09.819+0000] {processor.py:768} WARNING - No viable dags retrieved from /opt/airflow/dags/subdags/subdag_downloads.py
[2023-07-28T13:35:09.827+0000] {processor.py:176} INFO - Processing /opt/airflow/dags/subdags/subdag_downloads.py took 0.023 seconds
[2023-07-28T13:35:40.295+0000] {processor.py:154} INFO - Started process (PID=3400) to work on /opt/airflow/dags/subdags/subdag_downloads.py
[2023-07-28T13:35:40.295+0000] {processor.py:756} INFO - Processing file /opt/airflow/dags/subdags/subdag_downloads.py for tasks to queue
[2023-07-28T13:35:40.296+0000] {logging_mixin.py:120} INFO - [2023-07-28T13:35:40.296+0000] {dagbag.py:537} INFO - Filling up the DagBag from /opt/airflow/dags/subdags/subdag_downloads.py
[2023-07-28T13:35:40.307+0000] {processor.py:768} WARNING - No viable dags retrieved from /opt/airflow/dags/subdags/subdag_downloads.py
[2023-07-28T13:35:40.316+0000] {processor.py:176} INFO - Processing /opt/airflow/dags/subdags/subdag_downloads.py took 0.024 seconds
[2023-07-28T13:36:10.927+0000] {processor.py:154} INFO - Started process (PID=3467) to work on /opt/airflow/dags/subdags/subdag_downloads.py
[2023-07-28T13:36:10.928+0000] {processor.py:756} INFO - Processing file /opt/airflow/dags/subdags/subdag_downloads.py for tasks to queue
[2023-07-28T13:36:10.928+0000] {logging_mixin.py:120} INFO - [2023-07-28T13:36:10.928+0000] {dagbag.py:537} INFO - Filling up the DagBag from /opt/airflow/dags/subdags/subdag_downloads.py
[2023-07-28T13:36:10.939+0000] {processor.py:768} WARNING - No viable dags retrieved from /opt/airflow/dags/subdags/subdag_downloads.py
[2023-07-28T13:36:10.948+0000] {processor.py:176} INFO - Processing /opt/airflow/dags/subdags/subdag_downloads.py took 0.023 seconds
[2023-07-28T13:36:41.577+0000] {processor.py:154} INFO - Started process (PID=3534) to work on /opt/airflow/dags/subdags/subdag_downloads.py
[2023-07-28T13:36:41.578+0000] {processor.py:756} INFO - Processing file /opt/airflow/dags/subdags/subdag_downloads.py for tasks to queue
[2023-07-28T13:36:41.578+0000] {logging_mixin.py:120} INFO - [2023-07-28T13:36:41.578+0000] {dagbag.py:537} INFO - Filling up the DagBag from /opt/airflow/dags/subdags/subdag_downloads.py
[2023-07-28T13:36:41.590+0000] {processor.py:768} WARNING - No viable dags retrieved from /opt/airflow/dags/subdags/subdag_downloads.py
[2023-07-28T13:36:41.598+0000] {processor.py:176} INFO - Processing /opt/airflow/dags/subdags/subdag_downloads.py took 0.023 seconds
[2023-07-28T13:37:12.372+0000] {processor.py:154} INFO - Started process (PID=3601) to work on /opt/airflow/dags/subdags/subdag_downloads.py
[2023-07-28T13:37:12.372+0000] {processor.py:756} INFO - Processing file /opt/airflow/dags/subdags/subdag_downloads.py for tasks to queue
[2023-07-28T13:37:12.373+0000] {logging_mixin.py:120} INFO - [2023-07-28T13:37:12.373+0000] {dagbag.py:537} INFO - Filling up the DagBag from /opt/airflow/dags/subdags/subdag_downloads.py
[2023-07-28T13:37:12.384+0000] {processor.py:768} WARNING - No viable dags retrieved from /opt/airflow/dags/subdags/subdag_downloads.py
[2023-07-28T13:37:12.393+0000] {processor.py:176} INFO - Processing /opt/airflow/dags/subdags/subdag_downloads.py took 0.024 seconds
[2023-07-28T13:37:17.440+0000] {processor.py:154} INFO - Started process (PID=3602) to work on /opt/airflow/dags/subdags/subdag_downloads.py
[2023-07-28T13:37:17.441+0000] {processor.py:756} INFO - Processing file /opt/airflow/dags/subdags/subdag_downloads.py for tasks to queue
[2023-07-28T13:37:17.442+0000] {logging_mixin.py:120} INFO - [2023-07-28T13:37:17.442+0000] {dagbag.py:537} INFO - Filling up the DagBag from /opt/airflow/dags/subdags/subdag_downloads.py
[2023-07-28T13:37:17.464+0000] {processor.py:768} WARNING - No viable dags retrieved from /opt/airflow/dags/subdags/subdag_downloads.py
[2023-07-28T13:37:17.474+0000] {processor.py:176} INFO - Processing /opt/airflow/dags/subdags/subdag_downloads.py took 0.036 seconds
[2023-07-28T13:37:21.472+0000] {processor.py:154} INFO - Started process (PID=3612) to work on /opt/airflow/dags/subdags/subdag_downloads.py
[2023-07-28T13:37:21.472+0000] {processor.py:756} INFO - Processing file /opt/airflow/dags/subdags/subdag_downloads.py for tasks to queue
[2023-07-28T13:37:21.473+0000] {logging_mixin.py:120} INFO - [2023-07-28T13:37:21.473+0000] {dagbag.py:537} INFO - Filling up the DagBag from /opt/airflow/dags/subdags/subdag_downloads.py
[2023-07-28T13:37:21.490+0000] {processor.py:768} WARNING - No viable dags retrieved from /opt/airflow/dags/subdags/subdag_downloads.py
[2023-07-28T13:37:21.500+0000] {processor.py:176} INFO - Processing /opt/airflow/dags/subdags/subdag_downloads.py took 0.031 seconds
[2023-07-28T13:37:52.270+0000] {processor.py:154} INFO - Started process (PID=3670) to work on /opt/airflow/dags/subdags/subdag_downloads.py
[2023-07-28T13:37:52.271+0000] {processor.py:756} INFO - Processing file /opt/airflow/dags/subdags/subdag_downloads.py for tasks to queue
[2023-07-28T13:37:52.271+0000] {logging_mixin.py:120} INFO - [2023-07-28T13:37:52.271+0000] {dagbag.py:537} INFO - Filling up the DagBag from /opt/airflow/dags/subdags/subdag_downloads.py
[2023-07-28T13:37:52.283+0000] {processor.py:768} WARNING - No viable dags retrieved from /opt/airflow/dags/subdags/subdag_downloads.py
[2023-07-28T13:37:52.293+0000] {processor.py:176} INFO - Processing /opt/airflow/dags/subdags/subdag_downloads.py took 0.026 seconds
[2023-07-28T13:38:23.060+0000] {processor.py:154} INFO - Started process (PID=3737) to work on /opt/airflow/dags/subdags/subdag_downloads.py
[2023-07-28T13:38:23.060+0000] {processor.py:756} INFO - Processing file /opt/airflow/dags/subdags/subdag_downloads.py for tasks to queue
[2023-07-28T13:38:23.061+0000] {logging_mixin.py:120} INFO - [2023-07-28T13:38:23.061+0000] {dagbag.py:537} INFO - Filling up the DagBag from /opt/airflow/dags/subdags/subdag_downloads.py
[2023-07-28T13:38:23.072+0000] {processor.py:768} WARNING - No viable dags retrieved from /opt/airflow/dags/subdags/subdag_downloads.py
[2023-07-28T13:38:23.080+0000] {processor.py:176} INFO - Processing /opt/airflow/dags/subdags/subdag_downloads.py took 0.022 seconds
[2023-07-28T13:38:53.750+0000] {processor.py:154} INFO - Started process (PID=3804) to work on /opt/airflow/dags/subdags/subdag_downloads.py
[2023-07-28T13:38:53.750+0000] {processor.py:756} INFO - Processing file /opt/airflow/dags/subdags/subdag_downloads.py for tasks to queue
[2023-07-28T13:38:53.751+0000] {logging_mixin.py:120} INFO - [2023-07-28T13:38:53.751+0000] {dagbag.py:537} INFO - Filling up the DagBag from /opt/airflow/dags/subdags/subdag_downloads.py
[2023-07-28T13:38:53.763+0000] {processor.py:768} WARNING - No viable dags retrieved from /opt/airflow/dags/subdags/subdag_downloads.py
[2023-07-28T13:38:53.771+0000] {processor.py:176} INFO - Processing /opt/airflow/dags/subdags/subdag_downloads.py took 0.024 seconds
[2023-07-28T13:39:24.438+0000] {processor.py:154} INFO - Started process (PID=3872) to work on /opt/airflow/dags/subdags/subdag_downloads.py
[2023-07-28T13:39:24.439+0000] {processor.py:756} INFO - Processing file /opt/airflow/dags/subdags/subdag_downloads.py for tasks to queue
[2023-07-28T13:39:24.439+0000] {logging_mixin.py:120} INFO - [2023-07-28T13:39:24.439+0000] {dagbag.py:537} INFO - Filling up the DagBag from /opt/airflow/dags/subdags/subdag_downloads.py
[2023-07-28T13:39:24.451+0000] {processor.py:768} WARNING - No viable dags retrieved from /opt/airflow/dags/subdags/subdag_downloads.py
[2023-07-28T13:39:24.460+0000] {processor.py:176} INFO - Processing /opt/airflow/dags/subdags/subdag_downloads.py took 0.024 seconds
[2023-07-28T13:39:33.579+0000] {processor.py:154} INFO - Started process (PID=3883) to work on /opt/airflow/dags/subdags/subdag_downloads.py
[2023-07-28T13:39:33.579+0000] {processor.py:756} INFO - Processing file /opt/airflow/dags/subdags/subdag_downloads.py for tasks to queue
[2023-07-28T13:39:33.580+0000] {logging_mixin.py:120} INFO - [2023-07-28T13:39:33.580+0000] {dagbag.py:537} INFO - Filling up the DagBag from /opt/airflow/dags/subdags/subdag_downloads.py
[2023-07-28T13:39:33.598+0000] {processor.py:768} WARNING - No viable dags retrieved from /opt/airflow/dags/subdags/subdag_downloads.py
[2023-07-28T13:39:33.608+0000] {processor.py:176} INFO - Processing /opt/airflow/dags/subdags/subdag_downloads.py took 0.031 seconds
[2023-07-28T13:40:04.209+0000] {processor.py:154} INFO - Started process (PID=3960) to work on /opt/airflow/dags/subdags/subdag_downloads.py
[2023-07-28T13:40:04.210+0000] {processor.py:756} INFO - Processing file /opt/airflow/dags/subdags/subdag_downloads.py for tasks to queue
[2023-07-28T13:40:04.210+0000] {logging_mixin.py:120} INFO - [2023-07-28T13:40:04.210+0000] {dagbag.py:537} INFO - Filling up the DagBag from /opt/airflow/dags/subdags/subdag_downloads.py
[2023-07-28T13:40:04.221+0000] {processor.py:768} WARNING - No viable dags retrieved from /opt/airflow/dags/subdags/subdag_downloads.py
[2023-07-28T13:40:04.231+0000] {processor.py:176} INFO - Processing /opt/airflow/dags/subdags/subdag_downloads.py took 0.025 seconds
[2023-07-28T13:40:34.288+0000] {processor.py:154} INFO - Started process (PID=4027) to work on /opt/airflow/dags/subdags/subdag_downloads.py
[2023-07-28T13:40:34.289+0000] {processor.py:756} INFO - Processing file /opt/airflow/dags/subdags/subdag_downloads.py for tasks to queue
[2023-07-28T13:40:34.289+0000] {logging_mixin.py:120} INFO - [2023-07-28T13:40:34.289+0000] {dagbag.py:537} INFO - Filling up the DagBag from /opt/airflow/dags/subdags/subdag_downloads.py
[2023-07-28T13:40:34.300+0000] {processor.py:768} WARNING - No viable dags retrieved from /opt/airflow/dags/subdags/subdag_downloads.py
[2023-07-28T13:40:34.310+0000] {processor.py:176} INFO - Processing /opt/airflow/dags/subdags/subdag_downloads.py took 0.024 seconds
[2023-07-28T13:41:04.947+0000] {processor.py:154} INFO - Started process (PID=4094) to work on /opt/airflow/dags/subdags/subdag_downloads.py
[2023-07-28T13:41:04.948+0000] {processor.py:756} INFO - Processing file /opt/airflow/dags/subdags/subdag_downloads.py for tasks to queue
[2023-07-28T13:41:04.948+0000] {logging_mixin.py:120} INFO - [2023-07-28T13:41:04.948+0000] {dagbag.py:537} INFO - Filling up the DagBag from /opt/airflow/dags/subdags/subdag_downloads.py
[2023-07-28T13:41:04.960+0000] {processor.py:768} WARNING - No viable dags retrieved from /opt/airflow/dags/subdags/subdag_downloads.py
[2023-07-28T13:41:04.969+0000] {processor.py:176} INFO - Processing /opt/airflow/dags/subdags/subdag_downloads.py took 0.024 seconds
[2023-07-28T13:41:35.429+0000] {processor.py:154} INFO - Started process (PID=4166) to work on /opt/airflow/dags/subdags/subdag_downloads.py
[2023-07-28T13:41:35.430+0000] {processor.py:756} INFO - Processing file /opt/airflow/dags/subdags/subdag_downloads.py for tasks to queue
[2023-07-28T13:41:35.430+0000] {logging_mixin.py:120} INFO - [2023-07-28T13:41:35.430+0000] {dagbag.py:537} INFO - Filling up the DagBag from /opt/airflow/dags/subdags/subdag_downloads.py
[2023-07-28T13:41:35.442+0000] {processor.py:768} WARNING - No viable dags retrieved from /opt/airflow/dags/subdags/subdag_downloads.py
[2023-07-28T13:41:35.452+0000] {processor.py:176} INFO - Processing /opt/airflow/dags/subdags/subdag_downloads.py took 0.025 seconds
[2023-07-28T13:42:05.850+0000] {processor.py:154} INFO - Started process (PID=4224) to work on /opt/airflow/dags/subdags/subdag_downloads.py
[2023-07-28T13:42:05.851+0000] {processor.py:756} INFO - Processing file /opt/airflow/dags/subdags/subdag_downloads.py for tasks to queue
[2023-07-28T13:42:05.851+0000] {logging_mixin.py:120} INFO - [2023-07-28T13:42:05.851+0000] {dagbag.py:537} INFO - Filling up the DagBag from /opt/airflow/dags/subdags/subdag_downloads.py
[2023-07-28T13:42:05.863+0000] {processor.py:768} WARNING - No viable dags retrieved from /opt/airflow/dags/subdags/subdag_downloads.py
[2023-07-28T13:42:05.873+0000] {processor.py:176} INFO - Processing /opt/airflow/dags/subdags/subdag_downloads.py took 0.026 seconds
[2023-07-28T13:42:36.339+0000] {processor.py:154} INFO - Started process (PID=4292) to work on /opt/airflow/dags/subdags/subdag_downloads.py
[2023-07-28T13:42:36.340+0000] {processor.py:756} INFO - Processing file /opt/airflow/dags/subdags/subdag_downloads.py for tasks to queue
[2023-07-28T13:42:36.340+0000] {logging_mixin.py:120} INFO - [2023-07-28T13:42:36.340+0000] {dagbag.py:537} INFO - Filling up the DagBag from /opt/airflow/dags/subdags/subdag_downloads.py
[2023-07-28T13:42:36.351+0000] {processor.py:768} WARNING - No viable dags retrieved from /opt/airflow/dags/subdags/subdag_downloads.py
[2023-07-28T13:42:36.361+0000] {processor.py:176} INFO - Processing /opt/airflow/dags/subdags/subdag_downloads.py took 0.025 seconds
[2023-07-28T13:43:06.668+0000] {processor.py:154} INFO - Started process (PID=4364) to work on /opt/airflow/dags/subdags/subdag_downloads.py
[2023-07-28T13:43:06.669+0000] {processor.py:756} INFO - Processing file /opt/airflow/dags/subdags/subdag_downloads.py for tasks to queue
[2023-07-28T13:43:06.669+0000] {logging_mixin.py:120} INFO - [2023-07-28T13:43:06.669+0000] {dagbag.py:537} INFO - Filling up the DagBag from /opt/airflow/dags/subdags/subdag_downloads.py
[2023-07-28T13:43:06.681+0000] {processor.py:768} WARNING - No viable dags retrieved from /opt/airflow/dags/subdags/subdag_downloads.py
[2023-07-28T13:43:06.691+0000] {processor.py:176} INFO - Processing /opt/airflow/dags/subdags/subdag_downloads.py took 0.026 seconds
[2023-07-28T13:43:37.179+0000] {processor.py:154} INFO - Started process (PID=4431) to work on /opt/airflow/dags/subdags/subdag_downloads.py
[2023-07-28T13:43:37.179+0000] {processor.py:756} INFO - Processing file /opt/airflow/dags/subdags/subdag_downloads.py for tasks to queue
[2023-07-28T13:43:37.180+0000] {logging_mixin.py:120} INFO - [2023-07-28T13:43:37.180+0000] {dagbag.py:537} INFO - Filling up the DagBag from /opt/airflow/dags/subdags/subdag_downloads.py
[2023-07-28T13:43:37.191+0000] {processor.py:768} WARNING - No viable dags retrieved from /opt/airflow/dags/subdags/subdag_downloads.py
[2023-07-28T13:43:37.201+0000] {processor.py:176} INFO - Processing /opt/airflow/dags/subdags/subdag_downloads.py took 0.024 seconds
[2023-07-28T13:44:07.964+0000] {processor.py:154} INFO - Started process (PID=4489) to work on /opt/airflow/dags/subdags/subdag_downloads.py
[2023-07-28T13:44:07.965+0000] {processor.py:756} INFO - Processing file /opt/airflow/dags/subdags/subdag_downloads.py for tasks to queue
[2023-07-28T13:44:07.966+0000] {logging_mixin.py:120} INFO - [2023-07-28T13:44:07.966+0000] {dagbag.py:537} INFO - Filling up the DagBag from /opt/airflow/dags/subdags/subdag_downloads.py
[2023-07-28T13:44:07.977+0000] {processor.py:768} WARNING - No viable dags retrieved from /opt/airflow/dags/subdags/subdag_downloads.py
[2023-07-28T13:44:07.986+0000] {processor.py:176} INFO - Processing /opt/airflow/dags/subdags/subdag_downloads.py took 0.024 seconds
[2023-07-28T13:44:38.695+0000] {processor.py:154} INFO - Started process (PID=4556) to work on /opt/airflow/dags/subdags/subdag_downloads.py
[2023-07-28T13:44:38.696+0000] {processor.py:756} INFO - Processing file /opt/airflow/dags/subdags/subdag_downloads.py for tasks to queue
[2023-07-28T13:44:38.697+0000] {logging_mixin.py:120} INFO - [2023-07-28T13:44:38.697+0000] {dagbag.py:537} INFO - Filling up the DagBag from /opt/airflow/dags/subdags/subdag_downloads.py
[2023-07-28T13:44:38.708+0000] {processor.py:768} WARNING - No viable dags retrieved from /opt/airflow/dags/subdags/subdag_downloads.py
[2023-07-28T13:44:38.717+0000] {processor.py:176} INFO - Processing /opt/airflow/dags/subdags/subdag_downloads.py took 0.024 seconds
[2023-07-28T13:45:09.435+0000] {processor.py:154} INFO - Started process (PID=4623) to work on /opt/airflow/dags/subdags/subdag_downloads.py
[2023-07-28T13:45:09.435+0000] {processor.py:756} INFO - Processing file /opt/airflow/dags/subdags/subdag_downloads.py for tasks to queue
[2023-07-28T13:45:09.436+0000] {logging_mixin.py:120} INFO - [2023-07-28T13:45:09.436+0000] {dagbag.py:537} INFO - Filling up the DagBag from /opt/airflow/dags/subdags/subdag_downloads.py
[2023-07-28T13:45:09.447+0000] {processor.py:768} WARNING - No viable dags retrieved from /opt/airflow/dags/subdags/subdag_downloads.py
[2023-07-28T13:45:09.456+0000] {processor.py:176} INFO - Processing /opt/airflow/dags/subdags/subdag_downloads.py took 0.024 seconds
[2023-07-28T13:45:39.937+0000] {processor.py:154} INFO - Started process (PID=4689) to work on /opt/airflow/dags/subdags/subdag_downloads.py
[2023-07-28T13:45:39.937+0000] {processor.py:756} INFO - Processing file /opt/airflow/dags/subdags/subdag_downloads.py for tasks to queue
[2023-07-28T13:45:39.938+0000] {logging_mixin.py:120} INFO - [2023-07-28T13:45:39.938+0000] {dagbag.py:537} INFO - Filling up the DagBag from /opt/airflow/dags/subdags/subdag_downloads.py
[2023-07-28T13:45:39.949+0000] {processor.py:768} WARNING - No viable dags retrieved from /opt/airflow/dags/subdags/subdag_downloads.py
[2023-07-28T13:45:39.958+0000] {processor.py:176} INFO - Processing /opt/airflow/dags/subdags/subdag_downloads.py took 0.024 seconds
[2023-07-28T13:46:10.504+0000] {processor.py:154} INFO - Started process (PID=4757) to work on /opt/airflow/dags/subdags/subdag_downloads.py
[2023-07-28T13:46:10.504+0000] {processor.py:756} INFO - Processing file /opt/airflow/dags/subdags/subdag_downloads.py for tasks to queue
[2023-07-28T13:46:10.505+0000] {logging_mixin.py:120} INFO - [2023-07-28T13:46:10.505+0000] {dagbag.py:537} INFO - Filling up the DagBag from /opt/airflow/dags/subdags/subdag_downloads.py
[2023-07-28T13:46:10.516+0000] {processor.py:768} WARNING - No viable dags retrieved from /opt/airflow/dags/subdags/subdag_downloads.py
[2023-07-28T13:46:10.527+0000] {processor.py:176} INFO - Processing /opt/airflow/dags/subdags/subdag_downloads.py took 0.026 seconds
[2023-07-28T13:46:40.895+0000] {processor.py:154} INFO - Started process (PID=4816) to work on /opt/airflow/dags/subdags/subdag_downloads.py
[2023-07-28T13:46:40.896+0000] {processor.py:756} INFO - Processing file /opt/airflow/dags/subdags/subdag_downloads.py for tasks to queue
[2023-07-28T13:46:40.896+0000] {logging_mixin.py:120} INFO - [2023-07-28T13:46:40.896+0000] {dagbag.py:537} INFO - Filling up the DagBag from /opt/airflow/dags/subdags/subdag_downloads.py
[2023-07-28T13:46:40.908+0000] {processor.py:768} WARNING - No viable dags retrieved from /opt/airflow/dags/subdags/subdag_downloads.py
[2023-07-28T13:46:40.917+0000] {processor.py:176} INFO - Processing /opt/airflow/dags/subdags/subdag_downloads.py took 0.024 seconds
[2023-07-28T13:47:11.297+0000] {processor.py:154} INFO - Started process (PID=4884) to work on /opt/airflow/dags/subdags/subdag_downloads.py
[2023-07-28T13:47:11.297+0000] {processor.py:756} INFO - Processing file /opt/airflow/dags/subdags/subdag_downloads.py for tasks to queue
[2023-07-28T13:47:11.298+0000] {logging_mixin.py:120} INFO - [2023-07-28T13:47:11.298+0000] {dagbag.py:537} INFO - Filling up the DagBag from /opt/airflow/dags/subdags/subdag_downloads.py
[2023-07-28T13:47:11.308+0000] {processor.py:768} WARNING - No viable dags retrieved from /opt/airflow/dags/subdags/subdag_downloads.py
[2023-07-28T13:47:11.318+0000] {processor.py:176} INFO - Processing /opt/airflow/dags/subdags/subdag_downloads.py took 0.024 seconds
[2023-07-28T13:47:41.989+0000] {processor.py:154} INFO - Started process (PID=4951) to work on /opt/airflow/dags/subdags/subdag_downloads.py
[2023-07-28T13:47:41.990+0000] {processor.py:756} INFO - Processing file /opt/airflow/dags/subdags/subdag_downloads.py for tasks to queue
[2023-07-28T13:47:41.990+0000] {logging_mixin.py:120} INFO - [2023-07-28T13:47:41.990+0000] {dagbag.py:537} INFO - Filling up the DagBag from /opt/airflow/dags/subdags/subdag_downloads.py
[2023-07-28T13:47:42.001+0000] {processor.py:768} WARNING - No viable dags retrieved from /opt/airflow/dags/subdags/subdag_downloads.py
[2023-07-28T13:47:42.011+0000] {processor.py:176} INFO - Processing /opt/airflow/dags/subdags/subdag_downloads.py took 0.025 seconds
[2023-07-28T13:48:12.632+0000] {processor.py:154} INFO - Started process (PID=5018) to work on /opt/airflow/dags/subdags/subdag_downloads.py
[2023-07-28T13:48:12.632+0000] {processor.py:756} INFO - Processing file /opt/airflow/dags/subdags/subdag_downloads.py for tasks to queue
[2023-07-28T13:48:12.633+0000] {logging_mixin.py:120} INFO - [2023-07-28T13:48:12.633+0000] {dagbag.py:537} INFO - Filling up the DagBag from /opt/airflow/dags/subdags/subdag_downloads.py
[2023-07-28T13:48:12.643+0000] {processor.py:768} WARNING - No viable dags retrieved from /opt/airflow/dags/subdags/subdag_downloads.py
[2023-07-28T13:48:12.653+0000] {processor.py:176} INFO - Processing /opt/airflow/dags/subdags/subdag_downloads.py took 0.024 seconds
[2023-07-28T13:48:43.120+0000] {processor.py:154} INFO - Started process (PID=5076) to work on /opt/airflow/dags/subdags/subdag_downloads.py
[2023-07-28T13:48:43.120+0000] {processor.py:756} INFO - Processing file /opt/airflow/dags/subdags/subdag_downloads.py for tasks to queue
[2023-07-28T13:48:43.121+0000] {logging_mixin.py:120} INFO - [2023-07-28T13:48:43.121+0000] {dagbag.py:537} INFO - Filling up the DagBag from /opt/airflow/dags/subdags/subdag_downloads.py
[2023-07-28T13:48:43.133+0000] {processor.py:768} WARNING - No viable dags retrieved from /opt/airflow/dags/subdags/subdag_downloads.py
[2023-07-28T13:48:43.143+0000] {processor.py:176} INFO - Processing /opt/airflow/dags/subdags/subdag_downloads.py took 0.025 seconds
[2023-07-28T13:49:13.670+0000] {processor.py:154} INFO - Started process (PID=5143) to work on /opt/airflow/dags/subdags/subdag_downloads.py
[2023-07-28T13:49:13.675+0000] {processor.py:756} INFO - Processing file /opt/airflow/dags/subdags/subdag_downloads.py for tasks to queue
[2023-07-28T13:49:13.676+0000] {logging_mixin.py:120} INFO - [2023-07-28T13:49:13.676+0000] {dagbag.py:537} INFO - Filling up the DagBag from /opt/airflow/dags/subdags/subdag_downloads.py
[2023-07-28T13:49:13.702+0000] {processor.py:768} WARNING - No viable dags retrieved from /opt/airflow/dags/subdags/subdag_downloads.py
[2023-07-28T13:49:13.714+0000] {processor.py:176} INFO - Processing /opt/airflow/dags/subdags/subdag_downloads.py took 0.047 seconds
[2023-07-28T13:49:44.365+0000] {processor.py:154} INFO - Started process (PID=5210) to work on /opt/airflow/dags/subdags/subdag_downloads.py
[2023-07-28T13:49:44.366+0000] {processor.py:756} INFO - Processing file /opt/airflow/dags/subdags/subdag_downloads.py for tasks to queue
[2023-07-28T13:49:44.366+0000] {logging_mixin.py:120} INFO - [2023-07-28T13:49:44.366+0000] {dagbag.py:537} INFO - Filling up the DagBag from /opt/airflow/dags/subdags/subdag_downloads.py
[2023-07-28T13:49:44.378+0000] {processor.py:768} WARNING - No viable dags retrieved from /opt/airflow/dags/subdags/subdag_downloads.py
[2023-07-28T13:49:44.388+0000] {processor.py:176} INFO - Processing /opt/airflow/dags/subdags/subdag_downloads.py took 0.025 seconds
[2023-07-28T13:50:14.957+0000] {processor.py:154} INFO - Started process (PID=5278) to work on /opt/airflow/dags/subdags/subdag_downloads.py
[2023-07-28T13:50:14.958+0000] {processor.py:756} INFO - Processing file /opt/airflow/dags/subdags/subdag_downloads.py for tasks to queue
[2023-07-28T13:50:14.958+0000] {logging_mixin.py:120} INFO - [2023-07-28T13:50:14.958+0000] {dagbag.py:537} INFO - Filling up the DagBag from /opt/airflow/dags/subdags/subdag_downloads.py
[2023-07-28T13:50:14.970+0000] {processor.py:768} WARNING - No viable dags retrieved from /opt/airflow/dags/subdags/subdag_downloads.py
[2023-07-28T13:50:14.980+0000] {processor.py:176} INFO - Processing /opt/airflow/dags/subdags/subdag_downloads.py took 0.026 seconds
[2023-07-28T13:50:45.028+0000] {processor.py:154} INFO - Started process (PID=5336) to work on /opt/airflow/dags/subdags/subdag_downloads.py
[2023-07-28T13:50:45.029+0000] {processor.py:756} INFO - Processing file /opt/airflow/dags/subdags/subdag_downloads.py for tasks to queue
[2023-07-28T13:50:45.030+0000] {logging_mixin.py:120} INFO - [2023-07-28T13:50:45.029+0000] {dagbag.py:537} INFO - Filling up the DagBag from /opt/airflow/dags/subdags/subdag_downloads.py
[2023-07-28T13:50:45.040+0000] {processor.py:768} WARNING - No viable dags retrieved from /opt/airflow/dags/subdags/subdag_downloads.py
[2023-07-28T13:50:45.050+0000] {processor.py:176} INFO - Processing /opt/airflow/dags/subdags/subdag_downloads.py took 0.025 seconds
[2023-07-28T13:51:15.439+0000] {processor.py:154} INFO - Started process (PID=5402) to work on /opt/airflow/dags/subdags/subdag_downloads.py
[2023-07-28T13:51:15.440+0000] {processor.py:756} INFO - Processing file /opt/airflow/dags/subdags/subdag_downloads.py for tasks to queue
[2023-07-28T13:51:15.440+0000] {logging_mixin.py:120} INFO - [2023-07-28T13:51:15.440+0000] {dagbag.py:537} INFO - Filling up the DagBag from /opt/airflow/dags/subdags/subdag_downloads.py
[2023-07-28T13:51:15.453+0000] {processor.py:768} WARNING - No viable dags retrieved from /opt/airflow/dags/subdags/subdag_downloads.py
[2023-07-28T13:51:15.465+0000] {processor.py:176} INFO - Processing /opt/airflow/dags/subdags/subdag_downloads.py took 0.029 seconds
[2023-07-28T13:51:46.193+0000] {processor.py:154} INFO - Started process (PID=5469) to work on /opt/airflow/dags/subdags/subdag_downloads.py
[2023-07-28T13:51:46.194+0000] {processor.py:756} INFO - Processing file /opt/airflow/dags/subdags/subdag_downloads.py for tasks to queue
[2023-07-28T13:51:46.194+0000] {logging_mixin.py:120} INFO - [2023-07-28T13:51:46.194+0000] {dagbag.py:537} INFO - Filling up the DagBag from /opt/airflow/dags/subdags/subdag_downloads.py
[2023-07-28T13:51:46.206+0000] {processor.py:768} WARNING - No viable dags retrieved from /opt/airflow/dags/subdags/subdag_downloads.py
[2023-07-28T13:51:46.216+0000] {processor.py:176} INFO - Processing /opt/airflow/dags/subdags/subdag_downloads.py took 0.025 seconds
